{"total": {"lines":{"total":1527,"covered":201,"skipped":0,"pct":13.16},"statements":{"total":1896,"covered":230,"skipped":0,"pct":12.13},"functions":{"total":351,"covered":43,"skipped":0,"pct":12.25},"branches":{"total":1251,"covered":133,"skipped":0,"pct":10.63},"branchesTrue":{"total":0,"covered":0,"skipped":0,"pct":100}}
,"C:\\quantum-finance\\src\\hooks\\useAccounts.ts": {"lines":{"total":40,"covered":4,"skipped":0,"pct":10},"functions":{"total":11,"covered":1,"skipped":0,"pct":9.09},"statements":{"total":52,"covered":6,"skipped":0,"pct":11.53},"branches":{"total":36,"covered":4,"skipped":0,"pct":11.11}}
,"C:\\quantum-finance\\src\\hooks\\useAppLogic.ts": {"lines":{"total":5,"covered":0,"skipped":0,"pct":0},"functions":{"total":2,"covered":0,"skipped":0,"pct":0},"statements":{"total":6,"covered":0,"skipped":0,"pct":0},"branches":{"total":0,"covered":0,"skipped":0,"pct":100}}
,"C:\\quantum-finance\\src\\hooks\\useAuditLogs.ts": {"lines":{"total":40,"covered":0,"skipped":0,"pct":0},"functions":{"total":10,"covered":0,"skipped":0,"pct":0},"statements":{"total":42,"covered":0,"skipped":0,"pct":0},"branches":{"total":22,"covered":0,"skipped":0,"pct":0}}
,"C:\\quantum-finance\\src\\hooks\\useBudgets.ts": {"lines":{"total":52,"covered":0,"skipped":0,"pct":0},"functions":{"total":17,"covered":0,"skipped":0,"pct":0},"statements":{"total":61,"covered":0,"skipped":0,"pct":0},"branches":{"total":43,"covered":0,"skipped":0,"pct":0}}
,"C:\\quantum-finance\\src\\hooks\\useCategoryRules.ts": {"lines":{"total":14,"covered":0,"skipped":0,"pct":0},"functions":{"total":7,"covered":0,"skipped":0,"pct":0},"statements":{"total":19,"covered":0,"skipped":0,"pct":0},"branches":{"total":8,"covered":0,"skipped":0,"pct":0}}
,"C:\\quantum-finance\\src\\hooks\\useCreditCards.ts": {"lines":{"total":51,"covered":0,"skipped":0,"pct":0},"functions":{"total":15,"covered":0,"skipped":0,"pct":0},"statements":{"total":65,"covered":0,"skipped":0,"pct":0},"branches":{"total":41,"covered":0,"skipped":0,"pct":0}}
,"C:\\quantum-finance\\src\\hooks\\useFinancialData.ts": {"lines":{"total":105,"covered":0,"skipped":0,"pct":0},"functions":{"total":31,"covered":0,"skipped":0,"pct":0},"statements":{"total":128,"covered":0,"skipped":0,"pct":0},"branches":{"total":108,"covered":0,"skipped":0,"pct":0}}
,"C:\\quantum-finance\\src\\hooks\\useFinancialKPIs.ts": {"lines":{"total":18,"covered":16,"skipped":0,"pct":88.88},"functions":{"total":4,"covered":2,"skipped":0,"pct":50},"statements":{"total":19,"covered":17,"skipped":0,"pct":89.47},"branches":{"total":6,"covered":3,"skipped":0,"pct":50}}
,"C:\\quantum-finance\\src\\hooks\\useFinancialMetrics.ts": {"lines":{"total":45,"covered":36,"skipped":0,"pct":80},"functions":{"total":6,"covered":4,"skipped":0,"pct":66.66},"statements":{"total":49,"covered":37,"skipped":0,"pct":75.51},"branches":{"total":46,"covered":29,"skipped":0,"pct":63.04}}
,"C:\\quantum-finance\\src\\hooks\\useForecast.ts": {"lines":{"total":91,"covered":0,"skipped":0,"pct":0},"functions":{"total":26,"covered":0,"skipped":0,"pct":0},"statements":{"total":111,"covered":0,"skipped":0,"pct":0},"branches":{"total":54,"covered":0,"skipped":0,"pct":0}}
,"C:\\quantum-finance\\src\\hooks\\useImportActions.ts": {"lines":{"total":19,"covered":0,"skipped":0,"pct":0},"functions":{"total":5,"covered":0,"skipped":0,"pct":0},"statements":{"total":21,"covered":0,"skipped":0,"pct":0},"branches":{"total":17,"covered":0,"skipped":0,"pct":0}}
,"C:\\quantum-finance\\src\\hooks\\useModalState.ts": {"lines":{"total":10,"covered":0,"skipped":0,"pct":0},"functions":{"total":2,"covered":0,"skipped":0,"pct":0},"statements":{"total":10,"covered":0,"skipped":0,"pct":0},"branches":{"total":0,"covered":0,"skipped":0,"pct":100}}
,"C:\\quantum-finance\\src\\hooks\\useRecurring.ts": {"lines":{"total":30,"covered":0,"skipped":0,"pct":0},"functions":{"total":9,"covered":0,"skipped":0,"pct":0},"statements":{"total":39,"covered":0,"skipped":0,"pct":0},"branches":{"total":16,"covered":0,"skipped":0,"pct":0}}
,"C:\\quantum-finance\\src\\hooks\\useTransactionActions.ts": {"lines":{"total":30,"covered":0,"skipped":0,"pct":0},"functions":{"total":4,"covered":0,"skipped":0,"pct":0},"statements":{"total":32,"covered":0,"skipped":0,"pct":0},"branches":{"total":10,"covered":0,"skipped":0,"pct":0}}
,"C:\\quantum-finance\\src\\hooks\\useTransactions.ts": {"lines":{"total":256,"covered":0,"skipped":0,"pct":0},"functions":{"total":66,"covered":0,"skipped":0,"pct":0},"statements":{"total":306,"covered":0,"skipped":0,"pct":0},"branches":{"total":138,"covered":0,"skipped":0,"pct":0}}
,"C:\\quantum-finance\\src\\shared\\lib\\csvParser.ts": {"lines":{"total":109,"covered":0,"skipped":0,"pct":0},"functions":{"total":21,"covered":0,"skipped":0,"pct":0},"statements":{"total":135,"covered":0,"skipped":0,"pct":0},"branches":{"total":93,"covered":0,"skipped":0,"pct":0}}
,"C:\\quantum-finance\\src\\shared\\lib\\ofxParser.ts": {"lines":{"total":36,"covered":0,"skipped":0,"pct":0},"functions":{"total":7,"covered":0,"skipped":0,"pct":0},"statements":{"total":44,"covered":0,"skipped":0,"pct":0},"branches":{"total":38,"covered":0,"skipped":0,"pct":0}}
,"C:\\quantum-finance\\src\\shared\\lib\\pdfParser.ts": {"lines":{"total":67,"covered":0,"skipped":0,"pct":0},"functions":{"total":7,"covered":0,"skipped":0,"pct":0},"statements":{"total":82,"covered":0,"skipped":0,"pct":0},"branches":{"total":65,"covered":0,"skipped":0,"pct":0}}
,"C:\\quantum-finance\\src\\shared\\lib\\piiMasker.ts": {"lines":{"total":18,"covered":0,"skipped":0,"pct":0},"functions":{"total":5,"covered":0,"skipped":0,"pct":0},"statements":{"total":22,"covered":0,"skipped":0,"pct":0},"branches":{"total":20,"covered":0,"skipped":0,"pct":0}}
,"C:\\quantum-finance\\src\\shared\\lib\\useParserWorker.ts": {"lines":{"total":46,"covered":0,"skipped":0,"pct":0},"functions":{"total":10,"covered":0,"skipped":0,"pct":0},"statements":{"total":54,"covered":0,"skipped":0,"pct":0},"branches":{"total":23,"covered":0,"skipped":0,"pct":0}}
,"C:\\quantum-finance\\src\\shared\\lib\\workers\\parserWorker.ts": {"lines":{"total":155,"covered":0,"skipped":0,"pct":0},"functions":{"total":24,"covered":0,"skipped":0,"pct":0},"statements":{"total":236,"covered":0,"skipped":0,"pct":0},"branches":{"total":205,"covered":0,"skipped":0,"pct":0}}
,"C:\\quantum-finance\\src\\shared\\schemas\\financialSchemas.ts": {"lines":{"total":19,"covered":19,"skipped":0,"pct":100},"functions":{"total":5,"covered":5,"skipped":0,"pct":100},"statements":{"total":21,"covered":21,"skipped":0,"pct":100},"branches":{"total":11,"covered":11,"skipped":0,"pct":100}}
,"C:\\quantum-finance\\src\\shared\\types\\money.ts": {"lines":{"total":1,"covered":1,"skipped":0,"pct":100},"functions":{"total":1,"covered":1,"skipped":0,"pct":100},"statements":{"total":1,"covered":1,"skipped":0,"pct":100},"branches":{"total":0,"covered":0,"skipped":0,"pct":100}}
,"C:\\quantum-finance\\src\\shared\\types\\transaction.ts": {"lines":{"total":0,"covered":0,"skipped":0,"pct":0},"functions":{"total":0,"covered":0,"skipped":0,"pct":0},"statements":{"total":0,"covered":0,"skipped":0,"pct":0},"branches":{"total":0,"covered":0,"skipped":0,"pct":0}}
,"C:\\quantum-finance\\src\\utils\\ForecastChart.ts": {"lines":{"total":30,"covered":0,"skipped":0,"pct":0},"functions":{"total":3,"covered":0,"skipped":0,"pct":0},"statements":{"total":35,"covered":0,"skipped":0,"pct":0},"branches":{"total":30,"covered":0,"skipped":0,"pct":0}}
,"C:\\quantum-finance\\src\\utils\\aiCategorize.ts": {"lines":{"total":46,"covered":0,"skipped":0,"pct":0},"functions":{"total":9,"covered":0,"skipped":0,"pct":0},"statements":{"total":60,"covered":0,"skipped":0,"pct":0},"branches":{"total":35,"covered":0,"skipped":0,"pct":0}}
,"C:\\quantum-finance\\src\\utils\\autoCategory.ts": {"lines":{"total":10,"covered":10,"skipped":0,"pct":100},"functions":{"total":3,"covered":3,"skipped":0,"pct":100},"statements":{"total":13,"covered":13,"skipped":0,"pct":100},"branches":{"total":9,"covered":9,"skipped":0,"pct":100}}
,"C:\\quantum-finance\\src\\utils\\dashboardUtils.ts": {"lines":{"total":24,"covered":0,"skipped":0,"pct":0},"functions":{"total":1,"covered":0,"skipped":0,"pct":0},"statements":{"total":32,"covered":0,"skipped":0,"pct":0},"branches":{"total":44,"covered":0,"skipped":0,"pct":0}}
,"C:\\quantum-finance\\src\\utils\\exportCSV.ts": {"lines":{"total":16,"covered":0,"skipped":0,"pct":0},"functions":{"total":5,"covered":0,"skipped":0,"pct":0},"statements":{"total":19,"covered":0,"skipped":0,"pct":0},"branches":{"total":18,"covered":0,"skipped":0,"pct":0}}
,"C:\\quantum-finance\\src\\utils\\forecastEngine.ts": {"lines":{"total":80,"covered":58,"skipped":0,"pct":72.5},"functions":{"total":20,"covered":15,"skipped":0,"pct":75},"statements":{"total":104,"covered":71,"skipped":0,"pct":68.26},"branches":{"total":64,"covered":35,"skipped":0,"pct":54.68}}
,"C:\\quantum-finance\\src\\utils\\formatters.ts": {"lines":{"total":7,"covered":7,"skipped":0,"pct":100},"functions":{"total":2,"covered":2,"skipped":0,"pct":100},"statements":{"total":8,"covered":8,"skipped":0,"pct":100},"branches":{"total":11,"covered":11,"skipped":0,"pct":100}}
,"C:\\quantum-finance\\src\\utils\\hashGenerator.ts": {"lines":{"total":11,"covered":5,"skipped":0,"pct":45.45},"functions":{"total":2,"covered":1,"skipped":0,"pct":50},"statements":{"total":12,"covered":5,"skipped":0,"pct":41.66},"branches":{"total":6,"covered":5,"skipped":0,"pct":83.33}}
,"C:\\quantum-finance\\src\\utils\\reportEngine.ts": {"lines":{"total":40,"covered":39,"skipped":0,"pct":97.5},"functions":{"total":7,"covered":7,"skipped":0,"pct":100},"statements":{"total":50,"covered":45,"skipped":0,"pct":90},"branches":{"total":30,"covered":22,"skipped":0,"pct":73.33}}
,"C:\\quantum-finance\\src\\utils\\transactionUtils.ts": {"lines":{"total":6,"covered":6,"skipped":0,"pct":100},"functions":{"total":4,"covered":2,"skipped":0,"pct":50},"statements":{"total":8,"covered":6,"skipped":0,"pct":75},"branches":{"total":4,"covered":4,"skipped":0,"pct":100}}
}
