TN:
SF:src\hooks\useAccounts.ts
FN:42,useAccounts
FN:46,(anonymous_1)
FN:54,(anonymous_2)
FN:55,(anonymous_3)
FN:67,(anonymous_4)
FN:71,(anonymous_5)
FN:77,(anonymous_6)
FN:81,(anonymous_7)
FN:95,(anonymous_8)
FN:110,(anonymous_9)
FN:129,normalizeBalance
FNF:11
FNH:1
FNDA:0,useAccounts
FNDA:0,(anonymous_1)
FNDA:0,(anonymous_2)
FNDA:0,(anonymous_3)
FNDA:0,(anonymous_4)
FNDA:0,(anonymous_5)
FNDA:0,(anonymous_6)
FNDA:0,(anonymous_7)
FNDA:0,(anonymous_8)
FNDA:0,(anonymous_9)
FNDA:17,normalizeBalance
DA:43,0
DA:44,0
DA:46,0
DA:47,0
DA:49,0
DA:50,0
DA:51,0
DA:53,0
DA:55,0
DA:56,0
DA:57,0
DA:67,0
DA:68,0
DA:69,0
DA:72,0
DA:73,0
DA:77,0
DA:81,0
DA:82,0
DA:83,0
DA:84,0
DA:92,0
DA:95,0
DA:96,0
DA:97,0
DA:98,0
DA:101,0
DA:102,0
DA:103,0
DA:104,0
DA:105,0
DA:107,0
DA:110,0
DA:111,0
DA:112,0
DA:115,0
DA:133,17
DA:134,17
DA:137,14
DA:140,7
LF:40
LH:4
BRDA:47,0,0,0
BRDA:47,0,1,0
BRDA:59,1,0,0
BRDA:59,1,1,0
BRDA:60,2,0,0
BRDA:60,2,1,0
BRDA:62,3,0,0
BRDA:62,3,1,0
BRDA:63,4,0,0
BRDA:63,4,1,0
BRDA:64,5,0,0
BRDA:64,5,1,0
BRDA:67,6,0,0
BRDA:67,6,1,0
BRDA:67,7,0,0
BRDA:67,7,1,0
BRDA:82,8,0,0
BRDA:82,8,1,0
BRDA:96,9,0,0
BRDA:96,9,1,0
BRDA:96,10,0,0
BRDA:96,10,1,0
BRDA:101,11,0,0
BRDA:101,11,1,0
BRDA:102,12,0,0
BRDA:102,12,1,0
BRDA:103,13,0,0
BRDA:103,13,1,0
BRDA:111,14,0,0
BRDA:111,14,1,0
BRDA:111,15,0,0
BRDA:111,15,1,0
BRDA:134,16,0,3
BRDA:134,16,1,14
BRDA:137,17,0,7
BRDA:137,17,1,7
BRF:36
BRH:4
end_of_record
TN:
SF:src\hooks\useAppLogic.ts
FN:24,useAppLogic
FN:48,(anonymous_1)
FNF:2
FNH:0
FNDA:0,useAppLogic
FNDA:0,(anonymous_1)
DA:32,0
DA:34,0
DA:46,0
DA:48,0
DA:50,0
LF:5
LH:0
BRF:0
BRH:0
end_of_record
TN:
SF:src\hooks\useAuditLogs.ts
FN:17,(anonymous_0)
FN:26,(anonymous_1)
FN:31,(anonymous_2)
FN:32,(anonymous_3)
FN:78,useAuditLogs
FN:83,(anonymous_5)
FN:98,(anonymous_6)
FN:99,(anonymous_7)
FN:106,(anonymous_8)
FN:111,(anonymous_9)
FNF:10
FNH:0
FNDA:0,(anonymous_0)
FNDA:0,(anonymous_1)
FNDA:0,(anonymous_2)
FNDA:0,(anonymous_3)
FNDA:0,useAuditLogs
FNDA:0,(anonymous_5)
FNDA:0,(anonymous_6)
FNDA:0,(anonymous_7)
FNDA:0,(anonymous_8)
FNDA:0,(anonymous_9)
DA:17,0
DA:18,0
DA:19,0
DA:20,0
DA:22,0
DA:23,0
DA:26,0
DA:27,0
DA:29,0
DA:31,0
DA:32,0
DA:36,0
DA:42,0
DA:43,0
DA:51,0
DA:52,0
DA:60,0
DA:79,0
DA:80,0
DA:81,0
DA:83,0
DA:84,0
DA:85,0
DA:86,0
DA:87,0
DA:90,0
DA:91,0
DA:93,0
DA:94,0
DA:96,0
DA:99,0
DA:104,0
DA:106,0
DA:108,0
DA:109,0
DA:112,0
DA:113,0
DA:114,0
DA:118,0
DA:121,0
LF:40
LH:0
BRDA:18,0,0,0
BRDA:18,0,1,0
BRDA:19,1,0,0
BRDA:19,1,1,0
BRDA:23,2,0,0
BRDA:23,2,1,0
BRDA:27,3,0,0
BRDA:27,3,1,0
BRDA:30,4,0,0
BRDA:30,4,1,0
BRDA:32,5,0,0
BRDA:32,5,1,0
BRDA:36,6,0,0
BRDA:36,6,1,0
BRDA:38,7,0,0
BRDA:38,7,1,0
BRDA:42,8,0,0
BRDA:42,8,1,0
BRDA:51,9,0,0
BRDA:51,9,1,0
BRDA:84,10,0,0
BRDA:84,10,1,0
BRF:22
BRH:0
end_of_record
TN:
SF:src\hooks\useBudgets.ts
FN:41,currentMonthStr
FN:46,normCat
FN:51,calcProjected
FN:62,calcStatus
FN:72,useBudgets
FN:76,(anonymous_5)
FN:84,(anonymous_6)
FN:85,(anonymous_7)
FN:101,(anonymous_8)
FN:108,(anonymous_9)
FN:110,(anonymous_10)
FN:115,(anonymous_11)
FN:120,(anonymous_12)
FN:138,(anonymous_13)
FN:145,(anonymous_14)
FN:150,(anonymous_15)
FN:155,(anonymous_16)
FNF:17
FNH:0
FNDA:0,currentMonthStr
FNDA:0,normCat
FNDA:0,calcProjected
FNDA:0,calcStatus
FNDA:0,useBudgets
FNDA:0,(anonymous_5)
FNDA:0,(anonymous_6)
FNDA:0,(anonymous_7)
FNDA:0,(anonymous_8)
FNDA:0,(anonymous_9)
FNDA:0,(anonymous_10)
FNDA:0,(anonymous_11)
FNDA:0,(anonymous_12)
FNDA:0,(anonymous_13)
FNDA:0,(anonymous_14)
FNDA:0,(anonymous_15)
FNDA:0,(anonymous_16)
DA:42,0
DA:43,0
DA:47,0
DA:52,0
DA:53,0
DA:54,0
DA:55,0
DA:56,0
DA:57,0
DA:63,0
DA:64,0
DA:65,0
DA:68,0
DA:73,0
DA:74,0
DA:76,0
DA:77,0
DA:79,0
DA:80,0
DA:82,0
DA:85,0
DA:86,0
DA:87,0
DA:88,0
DA:99,0
DA:101,0
DA:104,0
DA:108,0
DA:109,0
DA:111,0
DA:114,0
DA:116,0
DA:117,0
DA:118,0
DA:120,0
DA:123,0
DA:124,0
DA:125,0
DA:126,0
DA:128,0
DA:139,0
DA:140,0
DA:145,0
DA:146,0
DA:147,0
DA:150,0
DA:151,0
DA:152,0
DA:155,0
DA:156,0
DA:157,0
DA:160,0
LF:52
LH:0
BRDA:47,0,0,0
BRDA:47,0,1,0
BRDA:52,1,0,0
BRDA:52,1,1,0
BRDA:55,2,0,0
BRDA:55,2,1,0
BRDA:63,3,0,0
BRDA:63,3,1,0
BRDA:63,4,0,0
BRDA:63,4,1,0
BRDA:64,5,0,0
BRDA:64,5,1,0
BRDA:64,6,0,0
BRDA:64,6,1,0
BRDA:77,7,0,0
BRDA:77,7,1,0
BRDA:90,8,0,0
BRDA:90,8,1,0
BRDA:91,9,0,0
BRDA:91,9,1,0
BRDA:93,10,0,0
BRDA:93,10,1,0
BRDA:94,11,0,0
BRDA:94,11,1,0
BRDA:96,12,0,0
BRDA:96,12,1,0
BRDA:117,13,0,0
BRDA:117,13,1,0
BRDA:118,14,0,0
BRDA:118,14,1,0
BRDA:118,14,2,0
BRDA:120,15,0,0
BRDA:120,15,1,0
BRDA:123,16,0,0
BRDA:123,16,1,0
BRDA:140,17,0,0
BRDA:140,17,1,0
BRDA:146,18,0,0
BRDA:146,18,1,0
BRDA:151,19,0,0
BRDA:151,19,1,0
BRDA:156,20,0,0
BRDA:156,20,1,0
BRF:43
BRH:0
end_of_record
TN:
SF:src\hooks\useCategoryRules.ts
FN:27,useCategoryRules
FN:31,(anonymous_1)
FN:37,(anonymous_2)
FN:38,(anonymous_3)
FN:42,(anonymous_4)
FN:46,(anonymous_5)
FN:52,(anonymous_6)
FNF:7
FNH:0
FNDA:0,useCategoryRules
FNDA:0,(anonymous_1)
FNDA:0,(anonymous_2)
FNDA:0,(anonymous_3)
FNDA:0,(anonymous_4)
FNDA:0,(anonymous_5)
FNDA:0,(anonymous_6)
DA:28,0
DA:29,0
DA:31,0
DA:32,0
DA:34,0
DA:35,0
DA:38,0
DA:42,0
DA:43,0
DA:44,0
DA:46,0
DA:48,0
DA:52,0
DA:57,0
LF:14
LH:0
BRDA:32,0,0,0
BRDA:32,0,1,0
BRDA:40,1,0,0
BRDA:40,1,1,0
BRDA:41,2,0,0
BRDA:41,2,1,0
BRDA:42,3,0,0
BRDA:42,3,1,0
BRF:8
BRH:0
end_of_record
TN:
SF:src\hooks\useCreditCards.ts
FN:10,calcCardMetrics
FN:24,(anonymous_1)
FN:30,(anonymous_2)
FN:61,useCreditCards
FN:65,(anonymous_4)
FN:73,(anonymous_5)
FN:74,(anonymous_6)
FN:79,(anonymous_7)
FN:83,(anonymous_8)
FN:86,(anonymous_9)
FN:89,(anonymous_10)
FN:90,(anonymous_11)
FN:93,(anonymous_12)
FN:105,(anonymous_13)
FN:112,(anonymous_14)
FNF:15
FNH:0
FNDA:0,calcCardMetrics
FNDA:0,(anonymous_1)
FNDA:0,(anonymous_2)
FNDA:0,useCreditCards
FNDA:0,(anonymous_4)
FNDA:0,(anonymous_5)
FNDA:0,(anonymous_6)
FNDA:0,(anonymous_7)
FNDA:0,(anonymous_8)
FNDA:0,(anonymous_9)
FNDA:0,(anonymous_10)
FNDA:0,(anonymous_11)
FNDA:0,(anonymous_12)
FNDA:0,(anonymous_13)
FNDA:0,(anonymous_14)
DA:11,0
DA:12,0
DA:15,0
DA:16,0
DA:17,0
DA:19,0
DA:20,0
DA:23,0
DA:25,0
DA:26,0
DA:27,0
DA:28,0
DA:30,0
DA:32,0
DA:33,0
DA:34,0
DA:36,0
DA:37,0
DA:38,0
DA:39,0
DA:42,0
DA:62,0
DA:63,0
DA:65,0
DA:66,0
DA:68,0
DA:69,0
DA:70,0
DA:72,0
DA:74,0
DA:79,0
DA:80,0
DA:81,0
DA:83,0
DA:86,0
DA:89,0
DA:90,0
DA:93,0
DA:94,0
DA:95,0
DA:96,0
DA:102,0
DA:105,0
DA:106,0
DA:107,0
DA:108,0
DA:109,0
DA:112,0
DA:113,0
DA:114,0
DA:117,0
LF:51
LH:0
BRDA:15,0,0,0
BRDA:15,0,1,0
BRDA:25,1,0,0
BRDA:25,1,1,0
BRDA:26,2,0,0
BRDA:26,2,1,0
BRDA:27,3,0,0
BRDA:27,3,1,0
BRDA:28,4,0,0
BRDA:28,4,1,0
BRDA:30,5,0,0
BRDA:30,5,1,0
BRDA:34,6,0,0
BRDA:34,6,1,0
BRDA:37,7,0,0
BRDA:37,7,1,0
BRDA:49,8,0,0
BRDA:49,8,1,0
BRDA:49,9,0,0
BRDA:49,9,1,0
BRDA:61,10,0,0
BRDA:66,11,0,0
BRDA:66,11,1,0
BRDA:77,12,0,0
BRDA:77,12,1,0
BRDA:79,13,0,0
BRDA:79,13,1,0
BRDA:79,14,0,0
BRDA:79,14,1,0
BRDA:94,15,0,0
BRDA:94,15,1,0
BRDA:106,16,0,0
BRDA:106,16,1,0
BRDA:106,17,0,0
BRDA:106,17,1,0
BRDA:108,18,0,0
BRDA:108,18,1,0
BRDA:113,19,0,0
BRDA:113,19,1,0
BRDA:113,20,0,0
BRDA:113,20,1,0
BRF:41
BRH:0
end_of_record
TN:
SF:src\hooks\useFinancialData.ts
FN:9,resolveDate
FN:32,useFinancialData
FN:40,(anonymous_2)
FN:42,(anonymous_3)
FN:54,(anonymous_4)
FN:61,(anonymous_5)
FN:83,(anonymous_6)
FN:86,(anonymous_7)
FN:103,(anonymous_8)
FN:105,(anonymous_9)
FN:115,(anonymous_10)
FN:119,(anonymous_11)
FN:122,(anonymous_12)
FN:124,(anonymous_13)
FN:125,(anonymous_14)
FN:131,(anonymous_15)
FN:132,(anonymous_16)
FN:182,useDashboardData
FN:185,(anonymous_18)
FN:189,(anonymous_19)
FN:195,(anonymous_20)
FN:200,(anonymous_21)
FN:206,(anonymous_22)
FN:219,(anonymous_23)
FN:222,(anonymous_24)
FN:234,(anonymous_25)
FN:239,(anonymous_26)
FN:242,(anonymous_27)
FN:245,(anonymous_28)
FN:254,(anonymous_29)
FN:255,(anonymous_30)
FNF:31
FNH:0
FNDA:0,resolveDate
FNDA:0,useFinancialData
FNDA:0,(anonymous_2)
FNDA:0,(anonymous_3)
FNDA:0,(anonymous_4)
FNDA:0,(anonymous_5)
FNDA:0,(anonymous_6)
FNDA:0,(anonymous_7)
FNDA:0,(anonymous_8)
FNDA:0,(anonymous_9)
FNDA:0,(anonymous_10)
FNDA:0,(anonymous_11)
FNDA:0,(anonymous_12)
FNDA:0,(anonymous_13)
FNDA:0,(anonymous_14)
FNDA:0,(anonymous_15)
FNDA:0,(anonymous_16)
FNDA:0,useDashboardData
FNDA:0,(anonymous_18)
FNDA:0,(anonymous_19)
FNDA:0,(anonymous_20)
FNDA:0,(anonymous_21)
FNDA:0,(anonymous_22)
FNDA:0,(anonymous_23)
FNDA:0,(anonymous_24)
FNDA:0,(anonymous_25)
FNDA:0,(anonymous_26)
FNDA:0,(anonymous_27)
FNDA:0,(anonymous_28)
FNDA:0,(anonymous_29)
FNDA:0,(anonymous_30)
DA:10,0
DA:11,0
DA:12,0
DA:14,0
DA:15,0
DA:16,0
DA:18,0
DA:19,0
DA:40,0
DA:41,0
DA:42,0
DA:43,0
DA:44,0
DA:45,0
DA:46,0
DA:47,0
DA:48,0
DA:54,0
DA:55,0
DA:57,0
DA:58,0
DA:59,0
DA:61,0
DA:62,0
DA:63,0
DA:65,0
DA:66,0
DA:68,0
DA:69,0
DA:71,0
DA:72,0
DA:73,0
DA:74,0
DA:75,0
DA:76,0
DA:83,0
DA:85,0
DA:86,0
DA:87,0
DA:88,0
DA:89,0
DA:92,0
DA:103,0
DA:104,0
DA:105,0
DA:106,0
DA:107,0
DA:108,0
DA:109,0
DA:110,0
DA:114,0
DA:115,0
DA:119,0
DA:122,0
DA:124,0
DA:125,0
DA:131,0
DA:132,0
DA:138,0
DA:177,0
DA:183,0
DA:185,0
DA:186,0
DA:187,0
DA:188,0
DA:189,0
DA:190,0
DA:191,0
DA:195,0
DA:196,0
DA:197,0
DA:198,0
DA:200,0
DA:201,0
DA:202,0
DA:203,0
DA:206,0
DA:207,0
DA:208,0
DA:209,0
DA:212,0
DA:219,0
DA:220,0
DA:222,0
DA:223,0
DA:224,0
DA:225,0
DA:226,0
DA:227,0
DA:228,0
DA:229,0
DA:230,0
DA:233,0
DA:234,0
DA:239,0
DA:242,0
DA:243,0
DA:245,0
DA:246,0
DA:247,0
DA:248,0
DA:253,0
DA:254,0
DA:255,0
DA:258,0
LF:105
LH:0
BRDA:10,0,0,0
BRDA:10,0,1,0
BRDA:11,1,0,0
BRDA:11,1,1,0
BRDA:11,2,0,0
BRDA:11,2,1,0
BRDA:11,2,2,0
BRDA:14,3,0,0
BRDA:14,3,1,0
BRDA:14,4,0,0
BRDA:14,4,1,0
BRDA:16,5,0,0
BRDA:16,5,1,0
BRDA:19,6,0,0
BRDA:19,6,1,0
BRDA:37,7,0,0
BRDA:41,8,0,0
BRDA:41,8,1,0
BRDA:43,9,0,0
BRDA:43,9,1,0
BRDA:44,10,0,0
BRDA:44,10,1,0
BRDA:44,11,0,0
BRDA:44,11,1,0
BRDA:45,12,0,0
BRDA:45,12,1,0
BRDA:46,13,0,0
BRDA:46,13,1,0
BRDA:48,14,0,0
BRDA:48,14,1,0
BRDA:48,14,2,0
BRDA:55,15,0,0
BRDA:55,15,1,0
BRDA:62,16,0,0
BRDA:62,16,1,0
BRDA:63,17,0,0
BRDA:63,17,1,0
BRDA:63,18,0,0
BRDA:63,18,1,0
BRDA:65,19,0,0
BRDA:65,19,1,0
BRDA:68,20,0,0
BRDA:68,20,1,0
BRDA:71,21,0,0
BRDA:71,21,1,0
BRDA:72,22,0,0
BRDA:72,22,1,0
BRDA:74,23,0,0
BRDA:74,23,1,0
BRDA:74,24,0,0
BRDA:74,24,1,0
BRDA:74,24,2,0
BRDA:75,25,0,0
BRDA:75,25,1,0
BRDA:88,26,0,0
BRDA:88,26,1,0
BRDA:89,27,0,0
BRDA:89,27,1,0
BRDA:106,28,0,0
BRDA:106,28,1,0
BRDA:107,29,0,0
BRDA:107,29,1,0
BRDA:108,30,0,0
BRDA:108,30,1,0
BRDA:109,31,0,0
BRDA:109,31,1,0
BRDA:125,32,0,0
BRDA:125,32,1,0
BRDA:127,33,0,0
BRDA:127,33,1,0
BRDA:132,34,0,0
BRDA:132,34,1,0
BRDA:134,35,0,0
BRDA:134,35,1,0
BRDA:186,36,0,0
BRDA:186,36,1,0
BRDA:187,37,0,0
BRDA:187,37,1,0
BRDA:190,38,0,0
BRDA:190,38,1,0
BRDA:191,39,0,0
BRDA:191,39,1,0
BRDA:201,40,0,0
BRDA:201,40,1,0
BRDA:202,41,0,0
BRDA:202,41,1,0
BRDA:207,42,0,0
BRDA:207,42,1,0
BRDA:208,43,0,0
BRDA:208,43,1,0
BRDA:223,44,0,0
BRDA:223,44,1,0
BRDA:224,45,0,0
BRDA:224,45,1,0
BRDA:226,46,0,0
BRDA:226,46,1,0
BRDA:227,47,0,0
BRDA:227,47,1,0
BRDA:228,48,0,0
BRDA:228,48,1,0
BRDA:246,49,0,0
BRDA:246,49,1,0
BRDA:247,50,0,0
BRDA:247,50,1,0
BRDA:248,51,0,0
BRDA:248,51,1,0
BRDA:249,52,0,0
BRDA:249,52,1,0
BRF:108
BRH:0
end_of_record
TN:
SF:src\hooks\useFinancialKPIs.ts
FN:17,(anonymous_0)
FN:24,computeKPIs
FN:52,useFinancialKPIs
FN:54,(anonymous_3)
FNF:4
FNH:2
FNDA:11,(anonymous_0)
FNDA:9,computeKPIs
FNDA:0,useFinancialKPIs
FNDA:0,(anonymous_3)
DA:17,1
DA:18,11
DA:19,11
DA:25,9
DA:26,9
DA:28,9
DA:29,11
DA:30,11
DA:31,8
DA:34,9
DA:36,9
DA:37,9
DA:38,9
DA:40,9
DA:41,9
DA:43,9
DA:53,0
DA:54,0
LF:18
LH:16
BRDA:19,0,0,11
BRDA:19,0,1,0
BRDA:30,1,0,3
BRDA:30,1,1,8
BRDA:54,2,0,0
BRDA:54,2,1,0
BRF:6
BRH:3
end_of_record
TN:
SF:src\hooks\useFinancialMetrics.ts
FN:45,isFixedCategory
FN:50,isIncome
FN:54,isExpense
FN:74,computeFinancialMetrics
FN:167,useFinancialMetrics
FN:174,(anonymous_5)
FNF:6
FNH:4
FNDA:15,isFixedCategory
FNDA:25,isIncome
FNDA:15,isExpense
FNDA:21,computeFinancialMetrics
FNDA:0,useFinancialMetrics
FNDA:0,(anonymous_5)
DA:40,1
DA:46,15
DA:47,15
DA:51,25
DA:55,15
DA:79,21
DA:80,21
DA:81,21
DA:83,21
DA:84,26
DA:85,26
DA:86,25
DA:87,25
DA:88,10
DA:89,15
DA:90,15
DA:91,15
DA:92,5
DA:98,21
DA:99,21
DA:101,21
DA:103,9
DA:104,18
DA:105,18
DA:106,12
DA:107,6
DA:108,6
DA:113,12
DA:114,12
DA:118,21
DA:120,21
DA:126,21
DA:127,21
DA:133,21
DA:138,21
DA:142,21
DA:174,0
DA:175,0
DA:176,0
DA:178,0
DA:181,0
DA:182,0
DA:184,0
DA:185,0
DA:189,0
LF:45
LH:36
BRDA:46,0,0,0
BRDA:46,0,1,15
BRDA:51,1,0,25
BRDA:51,1,1,16
BRDA:55,2,0,15
BRDA:55,2,1,14
BRDA:76,3,0,21
BRDA:84,4,0,26
BRDA:84,4,1,1
BRDA:85,5,0,1
BRDA:85,5,1,25
BRDA:87,6,0,10
BRDA:87,6,1,15
BRDA:89,7,0,15
BRDA:89,7,1,0
BRDA:91,8,0,5
BRDA:91,8,1,10
BRDA:101,9,0,9
BRDA:101,9,1,12
BRDA:104,10,0,18
BRDA:104,10,1,0
BRDA:105,11,0,12
BRDA:105,11,1,6
BRDA:107,12,0,6
BRDA:107,12,1,0
BRDA:120,13,0,8
BRDA:120,13,1,13
BRDA:127,14,0,19
BRDA:127,14,1,2
BRDA:133,15,0,8
BRDA:133,15,1,13
BRDA:138,16,0,4
BRDA:138,16,1,17
BRDA:170,17,0,0
BRDA:175,18,0,0
BRDA:175,18,1,0
BRDA:176,19,0,0
BRDA:176,19,1,0
BRDA:176,20,0,0
BRDA:176,20,1,0
BRDA:178,21,0,0
BRDA:178,21,1,0
BRDA:182,22,0,0
BRDA:182,22,1,0
BRDA:191,23,0,0
BRDA:191,23,1,0
BRF:46
BRH:29
end_of_record
TN:
SF:src\hooks\useForecast.ts
FN:15,getRiskLevel
FN:33,generateInsight
FN:71,isIncomeTx
FN:75,computeMCInputs
FN:80,(anonymous_4)
FN:99,(anonymous_5)
FN:100,(anonymous_6)
FN:105,(anonymous_7)
FN:187,useForecast
FN:194,(anonymous_9)
FN:194,(anonymous_10)
FN:201,(anonymous_11)
FN:207,(anonymous_12)
FN:223,(anonymous_13)
FN:224,(anonymous_14)
FN:227,(anonymous_15)
FN:236,(anonymous_16)
FN:242,(anonymous_17)
FN:249,(anonymous_18)
FN:277,(anonymous_19)
FN:279,(anonymous_20)
FN:282,(anonymous_21)
FN:289,(anonymous_22)
FN:292,(anonymous_23)
FN:298,(anonymous_24)
FN:311,(anonymous_25)
FNF:26
FNH:0
FNDA:0,getRiskLevel
FNDA:0,generateInsight
FNDA:0,isIncomeTx
FNDA:0,computeMCInputs
FNDA:0,(anonymous_4)
FNDA:0,(anonymous_5)
FNDA:0,(anonymous_6)
FNDA:0,(anonymous_7)
FNDA:0,useForecast
FNDA:0,(anonymous_9)
FNDA:0,(anonymous_10)
FNDA:0,(anonymous_11)
FNDA:0,(anonymous_12)
FNDA:0,(anonymous_13)
FNDA:0,(anonymous_14)
FNDA:0,(anonymous_15)
FNDA:0,(anonymous_16)
FNDA:0,(anonymous_17)
FNDA:0,(anonymous_18)
FNDA:0,(anonymous_19)
FNDA:0,(anonymous_20)
FNDA:0,(anonymous_21)
FNDA:0,(anonymous_22)
FNDA:0,(anonymous_23)
FNDA:0,(anonymous_24)
FNDA:0,(anonymous_25)
DA:16,0
DA:17,0
DA:18,0
DA:34,0
DA:36,0
DA:37,0
DA:38,0
DA:39,0
DA:41,0
DA:44,0
DA:45,0
DA:48,0
DA:49,0
DA:52,0
DA:53,0
DA:56,0
DA:57,0
DA:60,0
DA:72,0
DA:76,0
DA:77,0
DA:78,0
DA:80,0
DA:82,0
DA:83,0
DA:85,0
DA:86,0
DA:87,0
DA:88,0
DA:89,0
DA:93,0
DA:94,0
DA:95,0
DA:96,0
DA:99,0
DA:100,0
DA:101,0
DA:102,0
DA:105,0
DA:106,0
DA:108,0
DA:142,0
DA:193,0
DA:194,0
DA:200,0
DA:201,0
DA:206,0
DA:207,0
DA:212,0
DA:215,0
DA:216,0
DA:217,0
DA:218,0
DA:221,0
DA:222,0
DA:223,0
DA:224,0
DA:227,0
DA:229,0
DA:230,0
DA:236,0
DA:237,0
DA:240,0
DA:242,0
DA:243,0
DA:244,0
DA:246,0
DA:248,0
DA:249,0
DA:250,0
DA:253,0
DA:263,0
DA:277,0
DA:278,0
DA:279,0
DA:282,0
DA:283,0
DA:284,0
DA:289,0
DA:290,0
DA:292,0
DA:293,0
DA:295,0
DA:296,0
DA:297,0
DA:298,0
DA:300,0
DA:308,0
DA:311,0
DA:312,0
DA:316,0
LF:91
LH:0
BRDA:16,0,0,0
BRDA:16,0,1,0
BRDA:17,1,0,0
BRDA:17,1,1,0
BRDA:36,2,0,0
BRDA:36,2,1,0
BRDA:38,3,0,0
BRDA:38,3,1,0
BRDA:44,4,0,0
BRDA:44,4,1,0
BRDA:44,5,0,0
BRDA:44,5,1,0
BRDA:48,6,0,0
BRDA:48,6,1,0
BRDA:48,7,0,0
BRDA:48,7,1,0
BRDA:52,8,0,0
BRDA:52,8,1,0
BRDA:56,9,0,0
BRDA:56,9,1,0
BRDA:80,10,0,0
BRDA:80,10,1,0
BRDA:80,10,2,0
BRDA:86,11,0,0
BRDA:86,11,1,0
BRDA:87,12,0,0
BRDA:87,12,1,0
BRDA:88,13,0,0
BRDA:88,13,1,0
BRDA:88,14,0,0
BRDA:88,14,1,0
BRDA:89,15,0,0
BRDA:89,15,1,0
BRDA:96,16,0,0
BRDA:96,16,1,0
BRDA:190,17,0,0
BRDA:194,18,0,0
BRDA:194,18,1,0
BRDA:194,19,0,0
BRDA:194,19,1,0
BRDA:244,20,0,0
BRDA:244,20,1,0
BRDA:244,21,0,0
BRDA:244,21,1,0
BRDA:248,22,0,0
BRDA:248,22,1,0
BRDA:290,23,0,0
BRDA:290,23,1,0
BRDA:293,24,0,0
BRDA:293,24,1,0
BRDA:293,25,0,0
BRDA:293,25,1,0
BRDA:312,26,0,0
BRDA:312,26,1,0
BRF:54
BRH:0
end_of_record
TN:
SF:src\hooks\useImportActions.ts
FN:12,useImportActions
FN:18,(anonymous_1)
FN:28,(anonymous_2)
FN:39,(anonymous_3)
FN:41,(anonymous_4)
FNF:5
FNH:0
FNDA:0,useImportActions
FNDA:0,(anonymous_1)
FNDA:0,(anonymous_2)
FNDA:0,(anonymous_3)
FNDA:0,(anonymous_4)
DA:16,0
DA:18,0
DA:19,0
DA:20,0
DA:21,0
DA:24,0
DA:26,0
DA:28,0
DA:32,0
DA:34,0
DA:35,0
DA:38,0
DA:39,0
DA:41,0
DA:42,0
DA:44,0
DA:46,0
DA:47,0
DA:51,0
LF:19
LH:0
BRDA:19,0,0,0
BRDA:19,0,1,0
BRDA:19,1,0,0
BRDA:19,1,1,0
BRDA:30,2,0,0
BRDA:30,2,1,0
BRDA:35,3,0,0
BRDA:35,3,1,0
BRDA:39,4,0,0
BRDA:39,4,1,0
BRDA:39,4,2,0
BRDA:41,5,0,0
BRDA:41,5,1,0
BRDA:41,6,0,0
BRDA:41,6,1,0
BRDA:42,7,0,0
BRDA:42,7,1,0
BRF:17
BRH:0
end_of_record
TN:
SF:src\hooks\useModalState.ts
FN:18,useModalState
FN:25,(anonymous_1)
FNF:2
FNH:0
FNDA:0,useModalState
FNDA:0,(anonymous_1)
DA:19,0
DA:20,0
DA:21,0
DA:22,0
DA:23,0
DA:25,0
DA:26,0
DA:27,0
DA:28,0
DA:31,0
LF:10
LH:0
BRF:0
BRH:0
end_of_record
TN:
SF:src\hooks\useRecurring.ts
FN:17,useRecurring
FN:22,(anonymous_1)
FN:29,(anonymous_2)
FN:30,(anonymous_3)
FN:39,(anonymous_4)
FN:46,(anonymous_5)
FN:49,(anonymous_6)
FN:55,(anonymous_7)
FN:63,(anonymous_8)
FNF:9
FNH:0
FNDA:0,useRecurring
FNDA:0,(anonymous_1)
FNDA:0,(anonymous_2)
FNDA:0,(anonymous_3)
FNDA:0,(anonymous_4)
FNDA:0,(anonymous_5)
FNDA:0,(anonymous_6)
FNDA:0,(anonymous_7)
FNDA:0,(anonymous_8)
DA:18,0
DA:19,0
DA:20,0
DA:22,0
DA:23,0
DA:25,0
DA:26,0
DA:28,0
DA:30,0
DA:35,0
DA:36,0
DA:37,0
DA:40,0
DA:41,0
DA:42,0
DA:46,0
DA:49,0
DA:50,0
DA:51,0
DA:52,0
DA:55,0
DA:56,0
DA:57,0
DA:58,0
DA:59,0
DA:60,0
DA:63,0
DA:64,0
DA:65,0
DA:68,0
LF:30
LH:0
BRDA:23,0,0,0
BRDA:23,0,1,0
BRDA:32,1,0,0
BRDA:32,1,1,0
BRDA:50,2,0,0
BRDA:50,2,1,0
BRDA:56,3,0,0
BRDA:56,3,1,0
BRDA:56,4,0,0
BRDA:56,4,1,0
BRDA:58,5,0,0
BRDA:58,5,1,0
BRDA:64,6,0,0
BRDA:64,6,1,0
BRDA:64,7,0,0
BRDA:64,7,1,0
BRF:16
BRH:0
end_of_record
TN:
SF:src\hooks\useTransactionActions.ts
FN:19,useTransactionActions
FN:32,(anonymous_1)
FN:53,(anonymous_2)
FN:66,(anonymous_3)
FNF:4
FNH:0
FNDA:0,useTransactionActions
FNDA:0,(anonymous_1)
FNDA:0,(anonymous_2)
FNDA:0,(anonymous_3)
DA:30,0
DA:32,0
DA:33,0
DA:34,0
DA:38,0
DA:39,0
DA:40,0
DA:42,0
DA:43,0
DA:45,0
DA:46,0
DA:48,0
DA:49,0
DA:53,0
DA:54,0
DA:55,0
DA:56,0
DA:57,0
DA:58,0
DA:59,0
DA:61,0
DA:62,0
DA:66,0
DA:67,0
DA:68,0
DA:69,0
DA:70,0
DA:72,0
DA:73,0
DA:77,0
LF:30
LH:0
BRDA:36,0,0,0
BRDA:36,0,1,0
BRDA:38,1,0,0
BRDA:38,1,1,0
BRDA:54,2,0,0
BRDA:54,2,1,0
BRDA:67,3,0,0
BRDA:67,3,1,0
BRDA:67,4,0,0
BRDA:67,4,1,0
BRF:10
BRH:0
end_of_record
TN:
SF:src\hooks\useTransactions.ts
FN:82,makeTempId
FN:86,isTemp
FN:94,toMillis
FN:110,useTransactions
FN:151,(anonymous_4)
FN:177,(anonymous_5)
FN:178,(anonymous_6)
FN:183,(anonymous_7)
FN:185,(anonymous_8)
FN:188,(anonymous_9)
FN:204,(anonymous_10)
FN:206,(anonymous_11)
FN:213,(anonymous_12)
FN:220,(anonymous_13)
FN:224,(anonymous_14)
FN:227,(anonymous_15)
FN:253,(anonymous_16)
FN:253,(anonymous_17)
FN:267,(anonymous_18)
FN:287,(anonymous_19)
FN:287,(anonymous_20)
FN:292,(anonymous_21)
FN:293,(anonymous_22)
FN:299,(anonymous_23)
FN:302,(anonymous_24)
FN:305,(anonymous_25)
FN:321,(anonymous_26)
FN:324,(anonymous_27)
FN:325,(anonymous_28)
FN:328,(anonymous_29)
FN:335,(anonymous_30)
FN:341,(anonymous_31)
FN:372,(anonymous_32)
FN:373,(anonymous_33)
FN:383,(anonymous_34)
FN:390,(anonymous_35)
FN:398,(anonymous_36)
FN:399,(anonymous_37)
FN:400,(anonymous_38)
FN:412,(anonymous_39)
FN:418,(anonymous_40)
FN:418,(anonymous_41)
FN:425,(anonymous_42)
FN:426,(anonymous_43)
FN:427,(anonymous_44)
FN:434,(anonymous_45)
FN:442,(anonymous_46)
FN:469,(anonymous_47)
FN:470,(anonymous_48)
FN:485,(anonymous_49)
FN:492,(anonymous_50)
FN:496,(anonymous_51)
FN:497,(anonymous_52)
FN:500,(anonymous_53)
FN:503,(anonymous_54)
FN:506,(anonymous_55)
FN:507,(anonymous_56)
FN:508,(anonymous_57)
FN:517,(anonymous_58)
FN:524,(anonymous_59)
FN:532,(anonymous_60)
FN:533,(anonymous_61)
FN:558,(anonymous_62)
FN:573,(anonymous_63)
FN:590,(anonymous_64)
FN:609,(anonymous_65)
FNF:66
FNH:0
FNDA:0,makeTempId
FNDA:0,isTemp
FNDA:0,toMillis
FNDA:0,useTransactions
FNDA:0,(anonymous_4)
FNDA:0,(anonymous_5)
FNDA:0,(anonymous_6)
FNDA:0,(anonymous_7)
FNDA:0,(anonymous_8)
FNDA:0,(anonymous_9)
FNDA:0,(anonymous_10)
FNDA:0,(anonymous_11)
FNDA:0,(anonymous_12)
FNDA:0,(anonymous_13)
FNDA:0,(anonymous_14)
FNDA:0,(anonymous_15)
FNDA:0,(anonymous_16)
FNDA:0,(anonymous_17)
FNDA:0,(anonymous_18)
FNDA:0,(anonymous_19)
FNDA:0,(anonymous_20)
FNDA:0,(anonymous_21)
FNDA:0,(anonymous_22)
FNDA:0,(anonymous_23)
FNDA:0,(anonymous_24)
FNDA:0,(anonymous_25)
FNDA:0,(anonymous_26)
FNDA:0,(anonymous_27)
FNDA:0,(anonymous_28)
FNDA:0,(anonymous_29)
FNDA:0,(anonymous_30)
FNDA:0,(anonymous_31)
FNDA:0,(anonymous_32)
FNDA:0,(anonymous_33)
FNDA:0,(anonymous_34)
FNDA:0,(anonymous_35)
FNDA:0,(anonymous_36)
FNDA:0,(anonymous_37)
FNDA:0,(anonymous_38)
FNDA:0,(anonymous_39)
FNDA:0,(anonymous_40)
FNDA:0,(anonymous_41)
FNDA:0,(anonymous_42)
FNDA:0,(anonymous_43)
FNDA:0,(anonymous_44)
FNDA:0,(anonymous_45)
FNDA:0,(anonymous_46)
FNDA:0,(anonymous_47)
FNDA:0,(anonymous_48)
FNDA:0,(anonymous_49)
FNDA:0,(anonymous_50)
FNDA:0,(anonymous_51)
FNDA:0,(anonymous_52)
FNDA:0,(anonymous_53)
FNDA:0,(anonymous_54)
FNDA:0,(anonymous_55)
FNDA:0,(anonymous_56)
FNDA:0,(anonymous_57)
FNDA:0,(anonymous_58)
FNDA:0,(anonymous_59)
FNDA:0,(anonymous_60)
FNDA:0,(anonymous_61)
FNDA:0,(anonymous_62)
FNDA:0,(anonymous_63)
FNDA:0,(anonymous_64)
FNDA:0,(anonymous_65)
DA:29,0
DA:30,0
DA:83,0
DA:87,0
DA:95,0
DA:97,0
DA:98,0
DA:100,0
DA:101,0
DA:102,0
DA:103,0
DA:105,0
DA:114,0
DA:115,0
DA:116,0
DA:117,0
DA:118,0
DA:119,0
DA:122,0
DA:123,0
DA:124,0
DA:126,0
DA:129,0
DA:130,0
DA:136,0
DA:142,0
DA:148,0
DA:151,0
DA:152,0
DA:153,0
DA:154,0
DA:155,0
DA:156,0
DA:160,0
DA:161,0
DA:162,0
DA:163,0
DA:164,0
DA:166,0
DA:167,0
DA:169,0
DA:175,0
DA:178,0
DA:183,0
DA:185,0
DA:188,0
DA:190,0
DA:191,0
DA:194,0
DA:195,0
DA:198,0
DA:199,0
DA:200,0
DA:204,0
DA:205,0
DA:206,0
DA:208,0
DA:211,0
DA:214,0
DA:215,0
DA:216,0
DA:220,0
DA:224,0
DA:227,0
DA:228,0
DA:229,0
DA:231,0
DA:232,0
DA:235,0
DA:236,0
DA:237,0
DA:240,0
DA:241,0
DA:244,0
DA:246,0
DA:247,0
DA:248,0
DA:249,0
DA:252,0
DA:253,0
DA:254,0
DA:258,0
DA:259,0
DA:260,0
DA:262,0
DA:263,0
DA:264,0
DA:266,0
DA:267,0
DA:268,0
DA:270,0
DA:273,0
DA:274,0
DA:275,0
DA:279,0
DA:280,0
DA:281,0
DA:284,0
DA:285,0
DA:286,0
DA:287,0
DA:289,0
DA:290,0
DA:291,0
DA:292,0
DA:293,0
DA:296,0
DA:297,0
DA:298,0
DA:299,0
DA:301,0
DA:302,0
DA:303,0
DA:304,0
DA:305,0
DA:309,0
DA:311,0
DA:316,0
DA:320,0
DA:321,0
DA:324,0
DA:325,0
DA:326,0
DA:327,0
DA:328,0
DA:329,0
DA:330,0
DA:335,0
DA:336,0
DA:337,0
DA:341,0
DA:342,0
DA:345,0
DA:346,0
DA:348,0
DA:349,0
DA:352,0
DA:353,0
DA:354,0
DA:369,0
DA:370,0
DA:371,0
DA:372,0
DA:373,0
DA:375,0
DA:376,0
DA:382,0
DA:383,0
DA:384,0
DA:386,0
DA:390,0
DA:391,0
DA:392,0
DA:395,0
DA:398,0
DA:399,0
DA:400,0
DA:401,0
DA:408,0
DA:412,0
DA:413,0
DA:415,0
DA:417,0
DA:418,0
DA:419,0
DA:422,0
DA:425,0
DA:426,0
DA:427,0
DA:430,0
DA:434,0
DA:435,0
DA:436,0
DA:438,0
DA:439,0
DA:440,0
DA:442,0
DA:444,0
DA:445,0
DA:447,0
DA:448,0
DA:451,0
DA:452,0
DA:466,0
DA:467,0
DA:468,0
DA:469,0
DA:470,0
DA:471,0
DA:472,0
DA:478,0
DA:479,0
DA:480,0
DA:482,0
DA:485,0
DA:486,0
DA:488,0
DA:492,0
DA:493,0
DA:495,0
DA:496,0
DA:497,0
DA:500,0
DA:503,0
DA:505,0
DA:506,0
DA:507,0
DA:508,0
DA:511,0
DA:512,0
DA:517,0
DA:518,0
DA:519,0
DA:520,0
DA:524,0
DA:528,0
DA:532,0
DA:533,0
DA:534,0
DA:535,0
DA:538,0
DA:539,0
DA:541,0
DA:542,0
DA:543,0
DA:544,0
DA:545,0
DA:546,0
DA:547,0
DA:551,0
DA:558,0
DA:563,0
DA:564,0
DA:565,0
DA:567,0
DA:568,0
DA:573,0
DA:575,0
DA:576,0
DA:578,0
DA:581,0
DA:582,0
DA:584,0
DA:585,0
DA:587,0
DA:589,0
DA:590,0
DA:591,0
DA:592,0
DA:596,0
DA:597,0
DA:601,0
DA:609,0
DA:613,0
DA:614,0
DA:618,0
LF:256
LH:0
BRDA:95,0,0,0
BRDA:95,0,1,0
BRDA:95,1,0,0
BRDA:95,1,1,0
BRDA:97,2,0,0
BRDA:97,2,1,0
BRDA:97,3,0,0
BRDA:97,3,1,0
BRDA:100,4,0,0
BRDA:100,4,1,0
BRDA:101,5,0,0
BRDA:101,5,1,0
BRDA:103,6,0,0
BRDA:103,6,1,0
BRDA:112,7,0,0
BRDA:152,8,0,0
BRDA:152,8,1,0
BRDA:190,9,0,0
BRDA:190,9,1,0
BRDA:191,10,0,0
BRDA:191,10,1,0
BRDA:195,11,0,0
BRDA:195,11,1,0
BRDA:200,12,0,0
BRDA:200,12,1,0
BRDA:228,13,0,0
BRDA:228,13,1,0
BRDA:228,14,0,0
BRDA:228,14,1,0
BRDA:235,15,0,0
BRDA:235,15,1,0
BRDA:235,16,0,0
BRDA:235,16,1,0
BRDA:241,17,0,0
BRDA:241,17,1,0
BRDA:241,17,2,0
BRDA:241,17,3,0
BRDA:247,18,0,0
BRDA:247,18,1,0
BRDA:274,19,0,0
BRDA:274,19,1,0
BRDA:279,20,0,0
BRDA:279,20,1,0
BRDA:284,21,0,0
BRDA:284,21,1,0
BRDA:289,22,0,0
BRDA:289,22,1,0
BRDA:289,23,0,0
BRDA:289,23,1,0
BRDA:293,24,0,0
BRDA:293,24,1,0
BRDA:296,25,0,0
BRDA:296,25,1,0
BRDA:296,26,0,0
BRDA:296,26,1,0
BRDA:301,27,0,0
BRDA:301,27,1,0
BRDA:303,28,0,0
BRDA:303,28,1,0
BRDA:342,29,0,0
BRDA:342,29,1,0
BRDA:346,30,0,0
BRDA:346,30,1,0
BRDA:346,31,0,0
BRDA:346,31,1,0
BRDA:349,32,0,0
BRDA:349,32,1,0
BRDA:369,33,0,0
BRDA:369,33,1,0
BRDA:369,34,0,0
BRDA:369,34,1,0
BRDA:375,35,0,0
BRDA:375,35,1,0
BRDA:375,36,0,0
BRDA:375,36,1,0
BRDA:391,37,0,0
BRDA:391,37,1,0
BRDA:391,38,0,0
BRDA:391,38,1,0
BRDA:392,39,0,0
BRDA:392,39,1,0
BRDA:401,40,0,0
BRDA:401,40,1,0
BRDA:413,41,0,0
BRDA:413,41,1,0
BRDA:413,42,0,0
BRDA:413,42,1,0
BRDA:415,43,0,0
BRDA:415,43,1,0
BRDA:435,44,0,0
BRDA:435,44,1,0
BRDA:436,45,0,0
BRDA:436,45,1,0
BRDA:445,46,0,0
BRDA:445,46,1,0
BRDA:445,47,0,0
BRDA:445,47,1,0
BRDA:448,48,0,0
BRDA:448,48,1,0
BRDA:466,49,0,0
BRDA:466,49,1,0
BRDA:466,50,0,0
BRDA:466,50,1,0
BRDA:471,51,0,0
BRDA:471,51,1,0
BRDA:471,52,0,0
BRDA:471,52,1,0
BRDA:493,53,0,0
BRDA:493,53,1,0
BRDA:493,54,0,0
BRDA:493,54,1,0
BRDA:507,55,0,0
BRDA:507,55,1,0
BRDA:511,56,0,0
BRDA:511,56,1,0
BRDA:518,57,0,0
BRDA:518,57,1,0
BRDA:528,58,0,0
BRDA:528,58,1,0
BRDA:528,59,0,0
BRDA:528,59,1,0
BRDA:534,60,0,0
BRDA:534,60,1,0
BRDA:534,61,0,0
BRDA:534,61,1,0
BRDA:555,62,0,0
BRDA:555,62,1,0
BRDA:575,63,0,0
BRDA:575,63,1,0
BRDA:575,64,0,0
BRDA:575,64,1,0
BRDA:575,64,2,0
BRDA:576,65,0,0
BRDA:576,65,1,0
BRDA:591,66,0,0
BRDA:591,66,1,0
BRDA:609,67,0,0
BRDA:609,67,1,0
BRF:138
BRH:0
end_of_record
TN:
SF:src\shared\lib\csvParser.ts
FN:3,readFileAsText
FN:4,(anonymous_1)
FN:6,(anonymous_2)
FN:11,(anonymous_3)
FN:16,detectSeparator
FN:24,validateDate
FN:54,parseAmount
FN:75,normalizeHeader
FN:88,autoDetectColumns
FN:97,(anonymous_9)
FN:99,(anonymous_10)
FN:103,(anonymous_11)
FN:112,splitLine
FN:114,(anonymous_13)
FN:124,getCSVHeaders
FN:126,(anonymous_15)
FN:131,(anonymous_16)
FN:137,parseCSVWithMapping
FN:144,(anonymous_18)
FN:188,parseCSV
FN:190,(anonymous_20)
FNF:21
FNH:0
FNDA:0,readFileAsText
FNDA:0,(anonymous_1)
FNDA:0,(anonymous_2)
FNDA:0,(anonymous_3)
FNDA:0,detectSeparator
FNDA:0,validateDate
FNDA:0,parseAmount
FNDA:0,normalizeHeader
FNDA:0,autoDetectColumns
FNDA:0,(anonymous_9)
FNDA:0,(anonymous_10)
FNDA:0,(anonymous_11)
FNDA:0,splitLine
FNDA:0,(anonymous_13)
FNDA:0,getCSVHeaders
FNDA:0,(anonymous_15)
FNDA:0,(anonymous_16)
FNDA:0,parseCSVWithMapping
FNDA:0,(anonymous_18)
FNDA:0,parseCSV
FNDA:0,(anonymous_20)
DA:4,0
DA:5,0
DA:6,0
DA:7,0
DA:8,0
DA:9,0
DA:11,0
DA:12,0
DA:17,0
DA:18,0
DA:19,0
DA:20,0
DA:21,0
DA:25,0
DA:26,0
DA:28,0
DA:29,0
DA:30,0
DA:32,0
DA:33,0
DA:34,0
DA:35,0
DA:37,0
DA:38,0
DA:39,0
DA:40,0
DA:41,0
DA:42,0
DA:44,0
DA:45,0
DA:46,0
DA:47,0
DA:48,0
DA:49,0
DA:51,0
DA:55,0
DA:56,0
DA:57,0
DA:59,0
DA:60,0
DA:62,0
DA:63,0
DA:64,0
DA:65,0
DA:66,0
DA:67,0
DA:70,0
DA:71,0
DA:72,0
DA:76,0
DA:89,0
DA:91,0
DA:92,0
DA:94,0
DA:97,0
DA:98,0
DA:99,0
DA:100,0
DA:102,0
DA:103,0
DA:104,0
DA:106,0
DA:109,0
DA:113,0
DA:114,0
DA:125,0
DA:126,0
DA:127,0
DA:129,0
DA:130,0
DA:131,0
DA:132,0
DA:134,0
DA:138,0
DA:139,0
DA:140,0
DA:143,0
DA:144,0
DA:145,0
DA:147,0
DA:148,0
DA:149,0
DA:151,0
DA:152,0
DA:154,0
DA:155,0
DA:156,0
DA:158,0
DA:159,0
DA:160,0
DA:162,0
DA:173,0
DA:174,0
DA:175,0
DA:178,0
DA:189,0
DA:190,0
DA:191,0
DA:193,0
DA:194,0
DA:195,0
DA:197,0
DA:198,0
DA:202,0
DA:203,0
DA:204,0
DA:205,0
DA:206,0
DA:209,0
LF:109
LH:0
BRDA:3,0,0,0
BRDA:8,1,0,0
BRDA:8,1,1,0
BRDA:17,2,0,0
BRDA:17,2,1,0
BRDA:18,3,0,0
BRDA:18,3,1,0
BRDA:19,4,0,0
BRDA:19,4,1,0
BRDA:20,5,0,0
BRDA:20,5,1,0
BRDA:20,6,0,0
BRDA:20,6,1,0
BRDA:21,7,0,0
BRDA:21,7,1,0
BRDA:25,8,0,0
BRDA:25,8,1,0
BRDA:28,9,0,0
BRDA:28,9,1,0
BRDA:30,10,0,0
BRDA:30,10,1,0
BRDA:32,11,0,0
BRDA:32,11,1,0
BRDA:35,12,0,0
BRDA:35,12,1,0
BRDA:38,13,0,0
BRDA:38,13,1,0
BRDA:42,14,0,0
BRDA:42,14,1,0
BRDA:42,15,0,0
BRDA:42,15,1,0
BRDA:45,16,0,0
BRDA:45,16,1,0
BRDA:49,17,0,0
BRDA:49,17,1,0
BRDA:55,18,0,0
BRDA:55,18,1,0
BRDA:57,19,0,0
BRDA:57,19,1,0
BRDA:59,20,0,0
BRDA:59,20,1,0
BRDA:62,21,0,0
BRDA:62,21,1,0
BRDA:64,22,0,0
BRDA:64,22,1,0
BRDA:66,23,0,0
BRDA:66,23,1,0
BRDA:66,24,0,0
BRDA:66,24,1,0
BRDA:71,25,0,0
BRDA:71,25,1,0
BRDA:72,26,0,0
BRDA:72,26,1,0
BRDA:99,27,0,0
BRDA:99,27,1,0
BRDA:100,28,0,0
BRDA:100,28,1,0
BRDA:104,29,0,0
BRDA:104,29,1,0
BRDA:113,30,0,0
BRDA:113,30,1,0
BRDA:127,31,0,0
BRDA:127,31,1,0
BRDA:139,32,0,0
BRDA:139,32,1,0
BRDA:139,33,0,0
BRDA:139,33,1,0
BRDA:139,33,2,0
BRDA:145,34,0,0
BRDA:145,34,1,0
BRDA:156,35,0,0
BRDA:156,35,1,0
BRDA:156,36,0,0
BRDA:156,36,1,0
BRDA:158,37,0,0
BRDA:158,37,1,0
BRDA:159,38,0,0
BRDA:159,38,1,0
BRDA:160,39,0,0
BRDA:160,39,1,0
BRDA:167,40,0,0
BRDA:167,40,1,0
BRDA:173,41,0,0
BRDA:173,41,1,0
BRDA:174,42,0,0
BRDA:174,42,1,0
BRDA:191,43,0,0
BRDA:191,43,1,0
BRDA:197,44,0,0
BRDA:197,44,1,0
BRDA:197,45,0,0
BRDA:197,45,1,0
BRDA:197,45,2,0
BRF:93
BRH:0
end_of_record
TN:
SF:src\shared\lib\ofxParser.ts
FN:3,readFileAsText
FN:4,(anonymous_1)
FN:6,(anonymous_2)
FN:7,(anonymous_3)
FN:12,extractTag
FN:17,parseOFXDate
FN:30,parseOFX
FNF:7
FNH:0
FNDA:0,readFileAsText
FNDA:0,(anonymous_1)
FNDA:0,(anonymous_2)
FNDA:0,(anonymous_3)
FNDA:0,extractTag
FNDA:0,parseOFXDate
FNDA:0,parseOFX
DA:4,0
DA:5,0
DA:6,0
DA:7,0
DA:8,0
DA:13,0
DA:14,0
DA:18,0
DA:19,0
DA:20,0
DA:22,0
DA:23,0
DA:24,0
DA:26,0
DA:27,0
DA:31,0
DA:32,0
DA:34,0
DA:35,0
DA:38,0
DA:39,0
DA:40,0
DA:43,0
DA:44,0
DA:46,0
DA:47,0
DA:48,0
DA:50,0
DA:51,0
DA:53,0
DA:55,0
DA:56,0
DA:58,0
DA:59,0
DA:61,0
DA:73,0
LF:36
LH:0
BRDA:14,0,0,0
BRDA:14,0,1,0
BRDA:18,1,0,0
BRDA:18,1,1,0
BRDA:20,2,0,0
BRDA:20,2,1,0
BRDA:27,3,0,0
BRDA:27,3,1,0
BRDA:31,4,0,0
BRDA:31,4,1,0
BRDA:34,5,0,0
BRDA:34,5,1,0
BRDA:34,6,0,0
BRDA:34,6,1,0
BRDA:47,7,0,0
BRDA:47,7,1,0
BRDA:47,8,0,0
BRDA:47,8,1,0
BRDA:48,9,0,0
BRDA:48,9,1,0
BRDA:51,10,0,0
BRDA:51,10,1,0
BRDA:53,11,0,0
BRDA:53,11,1,0
BRDA:53,12,0,0
BRDA:53,12,1,0
BRDA:53,12,2,0
BRDA:56,13,0,0
BRDA:56,13,1,0
BRDA:58,14,0,0
BRDA:58,14,1,0
BRDA:58,14,2,0
BRDA:59,15,0,0
BRDA:59,15,1,0
BRDA:62,16,0,0
BRDA:62,16,1,0
BRDA:63,17,0,0
BRDA:63,17,1,0
BRF:38
BRH:0
end_of_record
TN:
SF:src\shared\lib\pdfParser.ts
FN:7,(anonymous_0)
FN:37,(anonymous_1)
FN:57,(anonymous_2)
FN:59,(anonymous_3)
FN:60,(anonymous_4)
FN:64,(anonymous_5)
FN:65,(anonymous_6)
FNF:7
FNH:0
FNDA:0,(anonymous_0)
FNDA:0,(anonymous_1)
FNDA:0,(anonymous_2)
FNDA:0,(anonymous_3)
FNDA:0,(anonymous_4)
FNDA:0,(anonymous_5)
FNDA:0,(anonymous_6)
DA:5,0
DA:7,0
DA:8,0
DA:9,0
DA:10,0
DA:13,0
DA:14,0
DA:20,0
DA:21,0
DA:23,0
DA:24,0
DA:25,0
DA:27,0
DA:30,0
DA:31,0
DA:32,0
DA:34,0
DA:35,0
DA:36,0
DA:37,0
DA:39,0
DA:41,0
DA:42,0
DA:43,0
DA:44,0
DA:46,0
DA:48,0
DA:49,0
DA:51,0
DA:52,0
DA:53,0
DA:54,0
DA:55,0
DA:57,0
DA:59,0
DA:60,0
DA:64,0
DA:65,0
DA:66,0
DA:68,0
DA:69,0
DA:70,0
DA:71,0
DA:72,0
DA:73,0
DA:74,0
DA:75,0
DA:77,0
DA:78,0
DA:81,0
DA:83,0
DA:84,0
DA:85,0
DA:87,0
DA:88,0
DA:91,0
DA:93,0
DA:95,0
DA:96,0
DA:97,0
DA:98,0
DA:100,0
DA:112,0
DA:113,0
DA:115,0
DA:116,0
DA:117,0
LF:67
LH:0
BRDA:7,0,0,0
BRDA:9,1,0,0
BRDA:9,1,1,0
BRDA:9,2,0,0
BRDA:9,2,1,0
BRDA:16,3,0,0
BRDA:16,3,1,0
BRDA:24,4,0,0
BRDA:24,4,1,0
BRDA:24,5,0,0
BRDA:24,5,1,0
BRDA:37,6,0,0
BRDA:37,6,1,0
BRDA:39,7,0,0
BRDA:39,7,1,0
BRDA:42,8,0,0
BRDA:42,8,1,0
BRDA:57,9,0,0
BRDA:57,9,1,0
BRDA:57,9,2,0
BRDA:59,10,0,0
BRDA:59,10,1,0
BRDA:60,11,0,0
BRDA:60,11,1,0
BRDA:66,12,0,0
BRDA:66,12,1,0
BRDA:73,13,0,0
BRDA:73,13,1,0
BRDA:73,14,0,0
BRDA:73,14,1,0
BRDA:77,15,0,0
BRDA:77,15,1,0
BRDA:85,16,0,0
BRDA:85,16,1,0
BRDA:91,17,0,0
BRDA:91,17,1,0
BRDA:91,17,2,0
BRDA:93,18,0,0
BRDA:93,18,1,0
BRDA:93,19,0,0
BRDA:93,19,1,0
BRDA:96,20,0,0
BRDA:96,20,1,0
BRDA:97,21,0,0
BRDA:97,21,1,0
BRDA:97,22,0,0
BRDA:97,22,1,0
BRDA:97,22,2,0
BRDA:97,23,0,0
BRDA:97,23,1,0
BRDA:98,24,0,0
BRDA:98,24,1,0
BRDA:98,24,2,0
BRDA:105,25,0,0
BRDA:105,25,1,0
BRDA:105,26,0,0
BRDA:105,26,1,0
BRDA:105,27,0,0
BRDA:105,27,1,0
BRDA:106,28,0,0
BRDA:106,28,1,0
BRDA:112,29,0,0
BRDA:112,29,1,0
BRDA:116,30,0,0
BRDA:116,30,1,0
BRF:65
BRH:0
end_of_record
TN:
SF:src\shared\lib\piiMasker.ts
FN:15,maskPII
FN:32,maskTransaction
FN:37,maskTransactions
FN:41,buildSafePromptRows
FN:42,(anonymous_4)
FNF:5
FNH:0
FNDA:0,maskPII
FNDA:0,maskTransaction
FNDA:0,maskTransactions
FNDA:0,buildSafePromptRows
FNDA:0,(anonymous_4)
DA:3,0
DA:4,0
DA:5,0
DA:6,0
DA:7,0
DA:8,0
DA:9,0
DA:10,0
DA:11,0
DA:12,0
DA:13,0
DA:16,0
DA:17,0
DA:18,0
DA:33,0
DA:34,0
DA:38,0
DA:42,0
LF:18
LH:0
BRDA:16,0,0,0
BRDA:16,0,1,0
BRDA:17,1,0,0
BRDA:17,1,1,0
BRDA:17,2,0,0
BRDA:17,2,1,0
BRDA:17,3,0,0
BRDA:17,3,1,0
BRDA:33,4,0,0
BRDA:33,4,1,0
BRDA:37,5,0,0
BRDA:41,6,0,0
BRDA:44,7,0,0
BRDA:44,7,1,0
BRDA:45,8,0,0
BRDA:45,8,1,0
BRDA:46,9,0,0
BRDA:46,9,1,0
BRDA:47,10,0,0
BRDA:47,10,1,0
BRF:20
BRH:0
end_of_record
TN:
SF:src\shared\lib\useParserWorker.ts
FN:31,useParserWorker
FN:35,(anonymous_1)
FN:38,(anonymous_2)
FN:57,(anonymous_3)
FN:59,(anonymous_4)
FN:66,(anonymous_5)
FN:69,(anonymous_6)
FN:70,(anonymous_7)
FN:96,(anonymous_8)
FN:100,(anonymous_9)
FNF:10
FNH:0
FNDA:0,useParserWorker
FNDA:0,(anonymous_1)
FNDA:0,(anonymous_2)
FNDA:0,(anonymous_3)
FNDA:0,(anonymous_4)
FNDA:0,(anonymous_5)
FNDA:0,(anonymous_6)
FNDA:0,(anonymous_7)
FNDA:0,(anonymous_8)
FNDA:0,(anonymous_9)
DA:32,0
DA:33,0
DA:35,0
DA:36,0
DA:38,0
DA:39,0
DA:40,0
DA:41,0
DA:42,0
DA:44,0
DA:45,0
DA:47,0
DA:48,0
DA:49,0
DA:50,0
DA:51,0
DA:52,0
DA:53,0
DA:57,0
DA:58,0
DA:59,0
DA:60,0
DA:62,0
DA:65,0
DA:66,0
DA:69,0
DA:70,0
DA:71,0
DA:72,0
DA:73,0
DA:76,0
DA:77,0
DA:80,0
DA:81,0
DA:83,0
DA:84,0
DA:85,0
DA:88,0
DA:89,0
DA:96,0
DA:97,0
DA:100,0
DA:101,0
DA:102,0
DA:103,0
DA:106,0
LF:46
LH:0
BRDA:41,0,0,0
BRDA:41,0,1,0
BRDA:44,1,0,0
BRDA:44,1,1,0
BRDA:44,2,0,0
BRDA:44,2,1,0
BRDA:47,3,0,0
BRDA:47,3,1,0
BRDA:48,4,0,0
BRDA:48,4,1,0
BRDA:49,5,0,0
BRDA:49,5,1,0
BRDA:50,6,0,0
BRDA:50,6,1,0
BRDA:51,7,0,0
BRDA:51,7,1,0
BRDA:52,8,0,0
BRDA:52,8,1,0
BRDA:69,9,0,0
BRDA:71,10,0,0
BRDA:71,10,1,0
BRDA:76,11,0,0
BRDA:76,11,1,0
BRF:23
BRH:0
end_of_record
TN:
SF:src\shared\lib\workers\parserWorker.ts
FN:43,detectSeparator
FN:51,validateDate
FN:63,parseAmount
FN:96,normalizeHeader
FN:100,autoDetectColumns
FN:105,(anonymous_5)
FN:106,(anonymous_6)
FN:107,(anonymous_7)
FN:113,splitLine
FN:115,(anonymous_9)
FN:118,parseCSVBuffer
FN:120,(anonymous_11)
FN:128,(anonymous_12)
FN:150,extractTag
FN:155,parseOFXDate
FN:163,parseOFXBuffer
FN:190,parsePDFBuffer
FN:204,(anonymous_17)
FN:218,(anonymous_18)
FN:220,(anonymous_19)
FN:221,(anonymous_20)
FN:223,(anonymous_21)
FN:224,(anonymous_22)
FN:252,(anonymous_23)
FNF:24
FNH:0
FNDA:0,detectSeparator
FNDA:0,validateDate
FNDA:0,parseAmount
FNDA:0,normalizeHeader
FNDA:0,autoDetectColumns
FNDA:0,(anonymous_5)
FNDA:0,(anonymous_6)
FNDA:0,(anonymous_7)
FNDA:0,splitLine
FNDA:0,(anonymous_9)
FNDA:0,parseCSVBuffer
FNDA:0,(anonymous_11)
FNDA:0,(anonymous_12)
FNDA:0,extractTag
FNDA:0,parseOFXDate
FNDA:0,parseOFXBuffer
FNDA:0,parsePDFBuffer
FNDA:0,(anonymous_17)
FNDA:0,(anonymous_18)
FNDA:0,(anonymous_19)
FNDA:0,(anonymous_20)
FNDA:0,(anonymous_21)
FNDA:0,(anonymous_22)
FNDA:0,(anonymous_23)
DA:6,0
DA:44,0
DA:45,0
DA:46,0
DA:47,0
DA:48,0
DA:52,0
DA:53,0
DA:54,0
DA:55,0
DA:56,0
DA:57,0
DA:58,0
DA:59,0
DA:60,0
DA:67,0
DA:68,0
DA:70,0
DA:71,0
DA:73,0
DA:74,0
DA:75,0
DA:78,0
DA:80,0
DA:81,0
DA:82,0
DA:86,0
DA:87,0
DA:88,0
DA:89,0
DA:90,0
DA:91,0
DA:92,0
DA:93,0
DA:97,0
DA:101,0
DA:102,0
DA:103,0
DA:104,0
DA:105,0
DA:106,0
DA:107,0
DA:108,0
DA:110,0
DA:114,0
DA:115,0
DA:119,0
DA:120,0
DA:121,0
DA:123,0
DA:124,0
DA:125,0
DA:127,0
DA:128,0
DA:129,0
DA:130,0
DA:131,0
DA:132,0
DA:135,0
DA:136,0
DA:137,0
DA:138,0
DA:139,0
DA:140,0
DA:141,0
DA:142,0
DA:144,0
DA:145,0
DA:151,0
DA:152,0
DA:156,0
DA:157,0
DA:158,0
DA:159,0
DA:160,0
DA:165,0
DA:166,0
DA:168,0
DA:169,0
DA:170,0
DA:173,0
DA:174,0
DA:175,0
DA:176,0
DA:177,0
DA:178,0
DA:179,0
DA:180,0
DA:181,0
DA:182,0
DA:183,0
DA:185,0
DA:191,0
DA:193,0
DA:195,0
DA:196,0
DA:197,0
DA:200,0
DA:201,0
DA:202,0
DA:203,0
DA:204,0
DA:205,0
DA:206,0
DA:207,0
DA:210,0
DA:211,0
DA:213,0
DA:214,0
DA:215,0
DA:216,0
DA:217,0
DA:218,0
DA:220,0
DA:221,0
DA:223,0
DA:224,0
DA:225,0
DA:226,0
DA:227,0
DA:228,0
DA:231,0
DA:232,0
DA:233,0
DA:234,0
DA:235,0
DA:236,0
DA:237,0
DA:238,0
DA:239,0
DA:240,0
DA:241,0
DA:242,0
DA:243,0
DA:246,0
DA:247,0
DA:252,0
DA:253,0
DA:255,0
DA:258,0
DA:259,0
DA:260,0
DA:261,0
DA:262,0
DA:263,0
DA:265,0
DA:268,0
DA:270,0
DA:271,0
DA:272,0
DA:273,0
DA:274,0
DA:275,0
DA:276,0
DA:277,0
LF:155
LH:0
BRDA:44,0,0,0
BRDA:44,0,1,0
BRDA:45,1,0,0
BRDA:45,1,1,0
BRDA:46,2,0,0
BRDA:46,2,1,0
BRDA:47,3,0,0
BRDA:47,3,1,0
BRDA:47,4,0,0
BRDA:47,4,1,0
BRDA:48,5,0,0
BRDA:48,5,1,0
BRDA:52,6,0,0
BRDA:52,6,1,0
BRDA:54,7,0,0
BRDA:54,7,1,0
BRDA:54,8,0,0
BRDA:54,8,1,0
BRDA:55,9,0,0
BRDA:55,9,1,0
BRDA:55,10,0,0
BRDA:55,10,1,0
BRDA:57,11,0,0
BRDA:57,11,1,0
BRDA:57,12,0,0
BRDA:57,12,1,0
BRDA:57,13,0,0
BRDA:57,13,1,0
BRDA:59,14,0,0
BRDA:59,14,1,0
BRDA:59,15,0,0
BRDA:59,15,1,0
BRDA:65,16,0,0
BRDA:67,17,0,0
BRDA:67,17,1,0
BRDA:67,18,0,0
BRDA:67,18,1,0
BRDA:68,19,0,0
BRDA:68,19,1,0
BRDA:68,20,0,0
BRDA:68,20,1,0
BRDA:71,21,0,0
BRDA:71,21,1,0
BRDA:73,22,0,0
BRDA:73,22,1,0
BRDA:75,23,0,0
BRDA:75,23,1,0
BRDA:78,24,0,0
BRDA:78,24,1,0
BRDA:82,25,0,0
BRDA:82,25,1,0
BRDA:86,26,0,0
BRDA:86,26,1,0
BRDA:88,27,0,0
BRDA:88,27,1,0
BRDA:88,28,0,0
BRDA:88,28,1,0
BRDA:89,29,0,0
BRDA:89,29,1,0
BRDA:90,30,0,0
BRDA:90,30,1,0
BRDA:92,31,0,0
BRDA:92,31,1,0
BRDA:93,32,0,0
BRDA:93,32,1,0
BRDA:106,33,0,0
BRDA:106,33,1,0
BRDA:106,34,0,0
BRDA:106,34,1,0
BRDA:107,35,0,0
BRDA:107,35,1,0
BRDA:114,36,0,0
BRDA:114,36,1,0
BRDA:118,37,0,0
BRDA:121,38,0,0
BRDA:121,38,1,0
BRDA:125,39,0,0
BRDA:125,39,1,0
BRDA:127,40,0,0
BRDA:127,40,1,0
BRDA:127,41,0,0
BRDA:127,41,1,0
BRDA:127,41,2,0
BRDA:140,42,0,0
BRDA:140,42,1,0
BRDA:140,43,0,0
BRDA:140,43,1,0
BRDA:141,44,0,0
BRDA:141,44,1,0
BRDA:141,45,0,0
BRDA:141,45,1,0
BRDA:141,45,2,0
BRDA:142,46,0,0
BRDA:142,46,1,0
BRDA:144,47,0,0
BRDA:144,47,1,0
BRDA:152,48,0,0
BRDA:152,48,1,0
BRDA:156,49,0,0
BRDA:156,49,1,0
BRDA:158,50,0,0
BRDA:158,50,1,0
BRDA:160,51,0,0
BRDA:160,51,1,0
BRDA:166,52,0,0
BRDA:166,52,1,0
BRDA:166,53,0,0
BRDA:166,53,1,0
BRDA:176,54,0,0
BRDA:176,54,1,0
BRDA:176,55,0,0
BRDA:176,55,1,0
BRDA:177,56,0,0
BRDA:177,56,1,0
BRDA:179,57,0,0
BRDA:179,57,1,0
BRDA:180,58,0,0
BRDA:180,58,1,0
BRDA:180,59,0,0
BRDA:180,59,1,0
BRDA:181,60,0,0
BRDA:181,60,1,0
BRDA:182,61,0,0
BRDA:182,61,1,0
BRDA:182,61,2,0
BRDA:183,62,0,0
BRDA:183,62,1,0
BRDA:183,63,0,0
BRDA:183,63,1,0
BRDA:183,64,0,0
BRDA:183,64,1,0
BRDA:190,65,0,0
BRDA:191,66,0,0
BRDA:191,66,1,0
BRDA:196,67,0,0
BRDA:196,67,1,0
BRDA:196,68,0,0
BRDA:196,68,1,0
BRDA:204,69,0,0
BRDA:204,69,1,0
BRDA:205,70,0,0
BRDA:205,70,1,0
BRDA:207,71,0,0
BRDA:207,71,1,0
BRDA:218,72,0,0
BRDA:218,72,1,0
BRDA:224,73,0,0
BRDA:224,73,1,0
BRDA:226,74,0,0
BRDA:226,74,1,0
BRDA:226,75,0,0
BRDA:226,75,1,0
BRDA:227,76,0,0
BRDA:227,76,1,0
BRDA:233,77,0,0
BRDA:233,77,1,0
BRDA:236,78,0,0
BRDA:236,78,1,0
BRDA:237,79,0,0
BRDA:237,79,1,0
BRDA:237,79,2,0
BRDA:238,80,0,0
BRDA:238,80,1,0
BRDA:238,81,0,0
BRDA:238,81,1,0
BRDA:240,82,0,0
BRDA:240,82,1,0
BRDA:241,83,0,0
BRDA:241,83,1,0
BRDA:241,84,0,0
BRDA:241,84,1,0
BRDA:241,84,2,0
BRDA:242,85,0,0
BRDA:242,85,1,0
BRDA:242,86,0,0
BRDA:242,86,1,0
BRDA:242,86,2,0
BRDA:243,87,0,0
BRDA:243,87,1,0
BRDA:243,88,0,0
BRDA:243,88,1,0
BRDA:243,89,0,0
BRDA:243,89,1,0
BRDA:243,90,0,0
BRDA:243,90,1,0
BRDA:246,91,0,0
BRDA:246,91,1,0
BRDA:258,92,0,0
BRDA:258,92,1,0
BRDA:259,93,0,0
BRDA:259,93,1,0
BRDA:260,94,0,0
BRDA:260,94,1,0
BRDA:262,95,0,0
BRDA:262,95,1,0
BRDA:272,96,0,0
BRDA:272,96,1,0
BRDA:273,97,0,0
BRDA:273,97,1,0
BRDA:274,98,0,0
BRDA:274,98,1,0
BRDA:275,99,0,0
BRDA:275,99,1,0
BRDA:276,100,0,0
BRDA:276,100,1,0
BRF:205
BRH:0
end_of_record
TN:
SF:src\shared\schemas\financialSchemas.ts
FN:19,(anonymous_0)
FN:44,validateTransaction
FN:48,(anonymous_2)
FN:56,(anonymous_3)
FN:75,validateCreditCard
FNF:5
FNH:5
FNDA:30,(anonymous_0)
FNDA:15,validateTransaction
FNDA:28,(anonymous_2)
FNDA:30,(anonymous_3)
FNDA:6,validateCreditCard
DA:4,3
DA:12,3
DA:20,30
DA:21,30
DA:22,30
DA:23,30
DA:24,30
DA:25,30
DA:26,30
DA:34,3
DA:45,15
DA:48,3
DA:49,28
DA:50,25
DA:56,3
DA:57,30
DA:58,28
DA:64,3
DA:76,6
LF:19
LH:19
BRDA:26,0,0,30
BRDA:26,0,1,28
BRDA:49,1,0,3
BRDA:49,1,1,25
BRDA:49,2,0,28
BRDA:49,2,1,27
BRDA:49,2,2,26
BRDA:57,3,0,2
BRDA:57,3,1,28
BRDA:57,4,0,30
BRDA:57,4,1,29
BRF:11
BRH:11
end_of_record
TN:
SF:src\shared\services\AuditService.ts
FN:44,(anonymous_0)
FNF:1
FNH:1
FNDA:6,(anonymous_0)
DA:35,1
DA:45,6
DA:46,1
DA:47,1
DA:50,5
DA:51,5
DA:52,5
DA:62,1
LF:8
LH:8
BRDA:45,0,0,1
BRDA:45,0,1,5
BRF:2
BRH:2
end_of_record
TN:
SF:src\shared\services\FirestoreService.ts
FN:14,(anonymous_0)
FN:26,(anonymous_1)
FN:32,(anonymous_2)
FN:40,(anonymous_3)
FN:51,(anonymous_4)
FN:66,(anonymous_5)
FN:78,(anonymous_6)
FN:86,(anonymous_7)
FN:89,(anonymous_8)
FN:98,(anonymous_9)
FN:111,(anonymous_10)
FN:127,(anonymous_11)
FN:137,(anonymous_12)
FN:177,(anonymous_13)
FN:182,(anonymous_14)
FN:190,(anonymous_15)
FNF:16
FNH:6
FNDA:12,(anonymous_0)
FNDA:0,(anonymous_1)
FNDA:0,(anonymous_2)
FNDA:0,(anonymous_3)
FNDA:3,(anonymous_4)
FNDA:0,(anonymous_5)
FNDA:0,(anonymous_6)
FNDA:3,(anonymous_7)
FNDA:3,(anonymous_8)
FNDA:0,(anonymous_9)
FNDA:0,(anonymous_10)
FNDA:9,(anonymous_11)
FNDA:10,(anonymous_12)
FNDA:0,(anonymous_13)
FNDA:0,(anonymous_14)
FNDA:0,(anonymous_15)
DA:14,12
DA:21,1
DA:27,0
DA:28,0
DA:29,0
DA:32,0
DA:38,0
DA:39,0
DA:40,0
DA:52,3
DA:53,2
DA:54,2
DA:60,2
DA:67,0
DA:68,0
DA:69,0
DA:79,0
DA:80,0
DA:87,3
DA:88,1
DA:89,3
DA:90,1
DA:103,0
DA:104,0
DA:105,0
DA:107,0
DA:108,0
DA:109,0
DA:110,0
DA:111,0
DA:112,0
DA:115,0
DA:117,0
DA:131,9
DA:133,7
DA:134,7
DA:135,7
DA:137,7
DA:138,10
DA:139,10
DA:140,10
DA:143,8
DA:144,8
DA:145,10
DA:146,10
DA:148,10
DA:149,10
DA:150,7
DA:152,7
DA:153,7
DA:168,10
DA:171,7
DA:172,7
DA:178,0
DA:179,0
DA:183,0
DA:184,0
DA:187,0
DA:191,0
DA:192,0
LF:60
LH:30
BRDA:27,0,0,0
BRDA:27,0,1,0
BRDA:52,1,0,1
BRDA:52,1,1,2
BRDA:67,2,0,0
BRDA:67,2,1,0
BRDA:67,3,0,0
BRDA:67,3,1,0
BRDA:79,4,0,0
BRDA:79,4,1,0
BRDA:79,5,0,0
BRDA:79,5,1,0
BRDA:87,6,0,2
BRDA:87,6,1,1
BRDA:87,7,0,3
BRDA:87,7,1,2
BRDA:103,8,0,0
BRDA:103,8,1,0
BRDA:112,9,0,0
BRDA:112,9,1,0
BRDA:131,10,0,2
BRDA:131,10,1,7
BRDA:131,11,0,9
BRDA:131,11,1,8
BRDA:138,12,0,10
BRDA:138,12,1,0
BRDA:139,13,0,10
BRDA:139,13,1,0
BRDA:140,14,0,2
BRDA:140,14,1,8
BRDA:140,15,0,10
BRDA:140,15,1,9
BRDA:144,16,0,0
BRDA:144,16,1,8
BRDA:145,17,0,10
BRDA:145,17,1,0
BRDA:146,18,0,10
BRDA:146,18,1,0
BRDA:148,19,0,10
BRDA:148,19,1,0
BRDA:149,20,0,1
BRDA:149,20,1,9
BRDA:155,21,0,7
BRDA:155,21,1,0
BRDA:160,22,0,10
BRDA:160,22,1,7
BRDA:161,23,0,10
BRDA:161,23,1,7
BRDA:162,24,0,10
BRDA:162,24,1,7
BRDA:163,25,0,10
BRDA:163,25,1,7
BRDA:178,26,0,0
BRDA:178,26,1,0
BRDA:183,27,0,0
BRDA:183,27,1,0
BRDA:191,28,0,0
BRDA:191,28,1,0
BRF:58
BRH:31
end_of_record
TN:
SF:src\shared\types\money.ts
FN:5,toCentavosTyped
FNF:1
FNH:1
FNDA:14,toCentavosTyped
DA:6,14
LF:1
LH:1
BRF:0
BRH:0
end_of_record
TN:
SF:src\shared\types\transaction.ts
FNF:0
FNH:0
LF:0
LH:0
BRF:0
BRH:0
end_of_record
TN:
SF:src\utils\ForecastChart.ts
FN:18,calculateForecast
FN:29,(anonymous_1)
FN:32,(anonymous_2)
FNF:3
FNH:0
FNDA:0,calculateForecast
FNDA:0,(anonymous_1)
FNDA:0,(anonymous_2)
DA:24,0
DA:25,0
DA:26,0
DA:27,0
DA:29,0
DA:31,0
DA:32,0
DA:33,0
DA:34,0
DA:35,0
DA:36,0
DA:40,0
DA:41,0
DA:43,0
DA:44,0
DA:45,0
DA:46,0
DA:47,0
DA:49,0
DA:53,0
DA:54,0
DA:56,0
DA:57,0
DA:58,0
DA:59,0
DA:60,0
DA:61,0
DA:62,0
DA:63,0
DA:67,0
LF:30
LH:0
BRDA:22,0,0,0
BRDA:25,1,0,0
BRDA:25,1,1,0
BRDA:27,2,0,0
BRDA:27,2,1,0
BRDA:33,3,0,0
BRDA:33,3,1,0
BRDA:33,3,2,0
BRDA:35,4,0,0
BRDA:35,4,1,0
BRDA:35,5,0,0
BRDA:35,5,1,0
BRDA:36,6,0,0
BRDA:36,6,1,0
BRDA:36,7,0,0
BRDA:36,7,1,0
BRDA:45,8,0,0
BRDA:45,8,1,0
BRDA:46,9,0,0
BRDA:46,9,1,0
BRDA:53,10,0,0
BRDA:53,10,1,0
BRDA:57,11,0,0
BRDA:57,11,1,0
BRDA:57,12,0,0
BRDA:57,12,1,0
BRDA:59,13,0,0
BRDA:59,13,1,0
BRDA:63,14,0,0
BRDA:63,14,1,0
BRF:30
BRH:0
end_of_record
TN:
SF:src\utils\aiCategorize.ts
FN:9,(anonymous_0)
FN:17,topCategory
FN:31,categorizeTransaction
FN:89,batchCategorizeDescriptions
FN:92,(anonymous_4)
FN:96,(anonymous_5)
FN:101,(anonymous_6)
FN:115,applyAICategories
FN:119,(anonymous_8)
FNF:9
FNH:0
FNDA:0,(anonymous_0)
FNDA:0,topCategory
FNDA:0,categorizeTransaction
FNDA:0,batchCategorizeDescriptions
FNDA:0,(anonymous_4)
FNDA:0,(anonymous_5)
FNDA:0,(anonymous_6)
FNDA:0,applyAICategories
FNDA:0,(anonymous_8)
DA:9,0
DA:10,0
DA:18,0
DA:19,0
DA:20,0
DA:21,0
DA:23,0
DA:36,0
DA:37,0
DA:38,0
DA:41,0
DA:42,0
DA:43,0
DA:44,0
DA:45,0
DA:52,0
DA:53,0
DA:54,0
DA:55,0
DA:56,0
DA:57,0
DA:58,0
DA:59,0
DA:63,0
DA:64,0
DA:67,0
DA:68,0
DA:69,0
DA:74,0
DA:75,0
DA:76,0
DA:80,0
DA:92,0
DA:93,0
DA:96,0
DA:98,0
DA:99,0
DA:100,0
DA:101,0
DA:102,0
DA:104,0
DA:106,0
DA:107,0
DA:119,0
DA:120,0
DA:121,0
LF:46
LH:0
BRDA:21,0,0,0
BRDA:21,0,1,0
BRDA:34,1,0,0
BRDA:36,2,0,0
BRDA:36,2,1,0
BRDA:38,3,0,0
BRDA:38,3,1,0
BRDA:41,4,0,0
BRDA:41,4,1,0
BRDA:44,5,0,0
BRDA:44,5,1,0
BRDA:54,6,0,0
BRDA:54,6,1,0
BRDA:54,7,0,0
BRDA:54,7,1,0
BRDA:56,8,0,0
BRDA:56,8,1,0
BRDA:58,9,0,0
BRDA:58,9,1,0
BRDA:59,10,0,0
BRDA:59,10,1,0
BRDA:64,11,0,0
BRDA:64,11,1,0
BRDA:68,12,0,0
BRDA:68,12,1,0
BRDA:68,13,0,0
BRDA:68,13,1,0
BRDA:76,14,0,0
BRDA:76,14,1,0
BRDA:93,15,0,0
BRDA:93,15,1,0
BRDA:102,16,0,0
BRDA:102,16,1,0
BRDA:121,17,0,0
BRDA:121,17,1,0
BRF:35
BRH:0
end_of_record
TN:
SF:src\utils\autoCategory.ts
FN:9,autoCategorize
FN:16,(anonymous_1)
FN:23,(anonymous_2)
FNF:3
FNH:3
FNDA:15,autoCategorize
FNDA:3,(anonymous_1)
FNDA:197,(anonymous_2)
DA:10,15
DA:12,13
DA:14,13
DA:15,4
DA:16,4
DA:17,2
DA:22,11
DA:23,197
DA:24,10
DA:28,1
LF:10
LH:10
BRDA:9,0,0,15
BRDA:10,1,0,2
BRDA:10,1,1,13
BRDA:14,2,0,4
BRDA:14,2,1,9
BRDA:16,3,0,2
BRDA:16,3,1,2
BRDA:23,4,0,10
BRDA:23,4,1,21
BRF:9
BRH:9
end_of_record
TN:
SF:src\utils\dashboardUtils.ts
FN:15,(anonymous_0)
FNF:1
FNH:0
FNDA:0,(anonymous_0)
DA:1,0
DA:15,0
DA:23,0
DA:24,0
DA:25,0
DA:26,0
DA:28,0
DA:29,0
DA:30,0
DA:31,0
DA:32,0
DA:33,0
DA:35,0
DA:36,0
DA:38,0
DA:39,0
DA:40,0
DA:41,0
DA:42,0
DA:43,0
DA:44,0
DA:45,0
DA:46,0
DA:49,0
LF:24
LH:0
BRDA:23,0,0,0
BRDA:23,0,1,0
BRDA:24,1,0,0
BRDA:24,1,1,0
BRDA:25,2,0,0
BRDA:25,2,1,0
BRDA:26,3,0,0
BRDA:26,3,1,0
BRDA:29,4,0,0
BRDA:29,4,1,0
BRDA:29,5,0,0
BRDA:29,5,1,0
BRDA:29,6,0,0
BRDA:29,6,1,0
BRDA:30,7,0,0
BRDA:30,7,1,0
BRDA:30,8,0,0
BRDA:30,8,1,0
BRDA:30,9,0,0
BRDA:30,9,1,0
BRDA:31,10,0,0
BRDA:31,10,1,0
BRDA:31,11,0,0
BRDA:31,11,1,0
BRDA:31,12,0,0
BRDA:31,12,1,0
BRDA:32,13,0,0
BRDA:32,13,1,0
BRDA:32,14,0,0
BRDA:32,14,1,0
BRDA:32,15,0,0
BRDA:32,15,1,0
BRDA:38,16,0,0
BRDA:38,16,1,0
BRDA:38,17,0,0
BRDA:38,17,1,0
BRDA:38,17,2,0
BRDA:41,18,0,0
BRDA:41,18,1,0
BRDA:41,19,0,0
BRDA:41,19,1,0
BRDA:41,19,2,0
BRDA:44,20,0,0
BRDA:44,20,1,0
BRF:44
BRH:0
end_of_record
TN:
SF:src\utils\exportCSV.ts
FN:4,escapeCSV
FN:11,transactionsToCSV
FN:13,(anonymous_2)
FN:24,(anonymous_3)
FN:28,downloadCSV
FNF:5
FNH:0
FNDA:0,escapeCSV
FNDA:0,transactionsToCSV
FNDA:0,(anonymous_2)
FNDA:0,(anonymous_3)
FNDA:0,downloadCSV
DA:5,0
DA:6,0
DA:7,0
DA:12,0
DA:13,0
DA:23,0
DA:24,0
DA:29,0
DA:30,0
DA:31,0
DA:32,0
DA:33,0
DA:34,0
DA:35,0
DA:36,0
DA:37,0
LF:16
LH:0
BRDA:5,0,0,0
BRDA:5,0,1,0
BRDA:6,1,0,0
BRDA:6,1,1,0
BRDA:14,2,0,0
BRDA:14,2,1,0
BRDA:15,3,0,0
BRDA:15,3,1,0
BRDA:17,4,0,0
BRDA:17,4,1,0
BRDA:18,5,0,0
BRDA:18,5,1,0
BRDA:18,6,0,0
BRDA:18,6,1,0
BRDA:19,7,0,0
BRDA:19,7,1,0
BRDA:20,8,0,0
BRDA:20,8,1,0
BRF:18
BRH:0
end_of_record
TN:
SF:src\utils\forecastEngine.ts
FN:24,(anonymous_0)
FN:26,isIncome
FN:31,median
FN:33,(anonymous_3)
FN:39,utcDateStr
FN:56,calculateForecast
FN:72,(anonymous_6)
FN:81,(anonymous_7)
FN:94,(anonymous_8)
FN:96,(anonymous_9)
FN:105,(anonymous_10)
FN:108,(anonymous_11)
FN:112,(anonymous_12)
FN:131,(anonymous_13)
FN:140,(anonymous_14)
FN:150,(anonymous_15)
FN:151,(anonymous_16)
FN:153,(anonymous_17)
FN:154,(anonymous_18)
FN:163,(anonymous_19)
FNF:20
FNH:15
FNDA:141,(anonymous_0)
FNDA:17,isIncome
FNDA:12,median
FNDA:9,(anonymous_3)
FNDA:153,utcDateStr
FNDA:8,calculateForecast
FNDA:11,(anonymous_6)
FNDA:17,(anonymous_7)
FNDA:17,(anonymous_8)
FNDA:0,(anonymous_9)
FNDA:0,(anonymous_10)
FNDA:0,(anonymous_11)
FNDA:0,(anonymous_12)
FNDA:17,(anonymous_13)
FNDA:17,(anonymous_14)
FNDA:2,(anonymous_15)
FNDA:15,(anonymous_16)
FNDA:2,(anonymous_17)
FNDA:15,(anonymous_18)
FNDA:0,(anonymous_19)
DA:24,141
DA:27,17
DA:32,12
DA:33,9
DA:34,8
DA:35,8
DA:40,153
DA:45,153
DA:62,8
DA:69,8
DA:72,11
DA:79,6
DA:81,6
DA:82,17
DA:83,17
DA:84,17
DA:85,17
DA:86,17
DA:87,17
DA:92,6
DA:94,6
DA:95,17
DA:96,0
DA:98,0
DA:99,0
DA:100,0
DA:102,0
DA:105,0
DA:106,0
DA:108,0
DA:109,0
DA:110,0
DA:112,0
DA:114,0
DA:116,0
DA:117,17
DA:125,6
DA:128,6
DA:129,6
DA:131,17
DA:137,6
DA:138,6
DA:140,6
DA:141,17
DA:142,17
DA:143,15
DA:147,6
DA:148,6
DA:150,6
DA:151,15
DA:153,8
DA:154,15
DA:156,8
DA:160,8
DA:161,8
DA:163,8
DA:164,0
DA:167,0
DA:168,0
DA:170,0
DA:171,0
DA:172,0
DA:174,0
DA:175,0
DA:177,0
DA:182,8
DA:183,8
DA:184,8
DA:186,8
DA:187,135
DA:188,135
DA:189,135
DA:190,135
DA:193,6
DA:197,6
DA:198,1
DA:199,5
DA:200,2
DA:202,3
DA:205,6
LF:80
LH:58
BRDA:32,0,0,4
BRDA:32,0,1,8
BRDA:35,1,0,1
BRDA:35,1,1,7
BRDA:39,2,0,153
BRDA:59,3,0,8
BRDA:60,4,0,8
BRDA:69,5,0,2
BRDA:69,5,1,6
BRDA:73,6,0,11
BRDA:73,6,1,0
BRDA:73,7,0,11
BRDA:73,7,1,0
BRDA:82,8,0,0
BRDA:82,8,1,17
BRDA:83,9,0,17
BRDA:83,9,1,0
BRDA:84,10,0,17
BRDA:84,10,1,17
BRDA:86,11,0,17
BRDA:86,11,1,0
BRDA:95,12,0,17
BRDA:95,12,1,0
BRDA:106,13,0,0
BRDA:106,13,1,0
BRDA:110,14,0,0
BRDA:110,14,1,0
BRDA:112,15,0,0
BRDA:112,15,1,0
BRDA:113,16,0,0
BRDA:113,16,1,0
BRDA:114,17,0,0
BRDA:114,17,1,0
BRDA:116,18,0,0
BRDA:116,18,1,0
BRDA:131,19,0,17
BRDA:131,19,1,17
BRDA:131,19,2,17
BRDA:134,20,0,17
BRDA:134,20,1,0
BRDA:141,21,0,17
BRDA:141,21,1,0
BRDA:142,22,0,2
BRDA:142,22,1,15
BRDA:150,23,0,2
BRDA:150,23,1,4
BRDA:151,24,0,6
BRDA:151,24,1,0
BRDA:164,25,0,0
BRDA:164,25,1,0
BRDA:172,26,0,0
BRDA:172,26,1,0
BRDA:174,27,0,0
BRDA:174,27,1,0
BRDA:175,28,0,0
BRDA:175,28,1,0
BRDA:188,29,0,135
BRDA:188,29,1,135
BRDA:197,30,0,1
BRDA:197,30,1,5
BRDA:197,31,0,6
BRDA:197,31,1,5
BRDA:199,32,0,2
BRDA:199,32,1,3
BRF:64
BRH:35
end_of_record
TN:
SF:src\utils\formatters.ts
FN:1,(anonymous_0)
FN:8,(anonymous_1)
FNF:2
FNH:2
FNDA:4,(anonymous_0)
FNDA:5,(anonymous_1)
DA:1,1
DA:2,4
DA:3,2
DA:5,2
DA:8,1
DA:9,5
DA:10,3
LF:7
LH:7
BRDA:2,0,0,2
BRDA:2,0,1,2
BRDA:2,1,0,4
BRDA:2,1,1,3
BRDA:2,1,2,3
BRDA:8,2,0,5
BRDA:9,3,0,2
BRDA:9,3,1,3
BRDA:9,4,0,5
BRDA:9,4,1,4
BRDA:9,4,2,3
BRF:11
BRH:11
end_of_record
TN:
SF:src\utils\hashGenerator.ts
FN:8,generateHash
FN:18,generateTransactionHash
FNF:2
FNH:1
FNDA:0,generateHash
FNDA:18,generateTransactionHash
DA:9,0
DA:10,0
DA:11,0
DA:12,0
DA:13,0
DA:15,0
DA:19,18
DA:21,18
DA:25,18
DA:26,18
DA:27,18
LF:11
LH:5
BRDA:19,0,0,18
BRDA:19,0,1,0
BRDA:21,1,0,18
BRDA:21,1,1,1
BRDA:25,2,0,18
BRDA:25,2,1,1
BRF:6
BRH:5
end_of_record
TN:
SF:src\utils\reportEngine.ts
FN:12,calcPareto
FN:26,(anonymous_1)
FN:30,(anonymous_2)
FN:58,calcPatrimonyEvolution
FN:65,(anonymous_4)
FN:103,asCentavos
FN:113,txValueToCentavos
FNF:7
FNH:7
FNDA:2,calcPareto
FNDA:2,(anonymous_1)
FNDA:3,(anonymous_2)
FNDA:7,calcPatrimonyEvolution
FNDA:9,(anonymous_4)
FNDA:9,asCentavos
FNDA:2,txValueToCentavos
DA:13,2
DA:14,2
DA:16,2
DA:17,3
DA:18,3
DA:19,3
DA:20,3
DA:21,3
DA:24,2
DA:26,2
DA:27,1
DA:28,1
DA:30,1
DA:31,3
DA:32,3
DA:46,1
DA:64,7
DA:65,9
DA:69,7
DA:70,7
DA:72,7
DA:73,42
DA:74,42
DA:75,42
DA:77,42
DA:84,42
DA:85,12
DA:86,12
DA:87,12
DA:88,2
DA:89,2
DA:90,2
DA:94,42
DA:97,7
DA:104,9
DA:105,9
DA:114,2
DA:115,2
DA:116,2
DA:117,0
LF:40
LH:39
BRDA:17,0,0,0
BRDA:17,0,1,3
BRDA:18,1,0,3
BRDA:18,1,1,0
BRDA:19,2,0,3
BRDA:19,2,1,0
BRDA:20,3,0,3
BRDA:20,3,1,3
BRDA:24,4,0,1
BRDA:24,4,1,1
BRDA:75,5,0,7
BRDA:75,5,1,35
BRDA:85,6,0,0
BRDA:85,6,1,12
BRDA:87,7,0,2
BRDA:87,7,1,10
BRDA:87,8,0,12
BRDA:87,8,1,8
BRDA:88,9,0,2
BRDA:88,9,1,0
BRDA:89,10,0,1
BRDA:89,10,1,1
BRDA:90,11,0,1
BRDA:90,11,1,1
BRDA:104,12,0,0
BRDA:104,12,1,9
BRDA:115,13,0,0
BRDA:115,13,1,2
BRDA:116,14,0,2
BRDA:116,14,1,0
BRF:30
BRH:22
end_of_record
TN:
SF:src\utils\transactionUtils.ts
FN:3,(anonymous_0)
FN:6,(anonymous_1)
FN:10,(anonymous_2)
FN:11,(anonymous_3)
FNF:4
FNH:2
FNDA:40,(anonymous_0)
FNDA:5,(anonymous_1)
FNDA:0,(anonymous_2)
FNDA:0,(anonymous_3)
DA:3,4
DA:4,40
DA:6,4
DA:7,5
DA:10,4
DA:11,4
LF:6
LH:6
BRDA:4,0,0,40
BRDA:4,0,1,35
BRDA:7,1,0,5
BRDA:7,1,1,5
BRF:4
BRH:4
end_of_record
