TN:
SF:src\shared\lib\csvParser.ts
FN:3,readFileAsText
FN:4,(anonymous_1)
FN:6,(anonymous_2)
FN:11,(anonymous_3)
FN:16,detectSeparator
FN:24,validateDate
FN:54,parseAmount
FN:75,normalizeHeader
FN:88,autoDetectColumns
FN:97,(anonymous_9)
FN:99,(anonymous_10)
FN:103,(anonymous_11)
FN:112,splitLine
FN:114,(anonymous_13)
FN:124,getCSVHeaders
FN:126,(anonymous_15)
FN:131,(anonymous_16)
FN:137,parseCSVWithMapping
FN:144,(anonymous_18)
FN:188,parseCSV
FN:190,(anonymous_20)
FNF:21
FNH:0
FNDA:0,readFileAsText
FNDA:0,(anonymous_1)
FNDA:0,(anonymous_2)
FNDA:0,(anonymous_3)
FNDA:0,detectSeparator
FNDA:0,validateDate
FNDA:0,parseAmount
FNDA:0,normalizeHeader
FNDA:0,autoDetectColumns
FNDA:0,(anonymous_9)
FNDA:0,(anonymous_10)
FNDA:0,(anonymous_11)
FNDA:0,splitLine
FNDA:0,(anonymous_13)
FNDA:0,getCSVHeaders
FNDA:0,(anonymous_15)
FNDA:0,(anonymous_16)
FNDA:0,parseCSVWithMapping
FNDA:0,(anonymous_18)
FNDA:0,parseCSV
FNDA:0,(anonymous_20)
DA:4,0
DA:5,0
DA:6,0
DA:7,0
DA:8,0
DA:9,0
DA:11,0
DA:12,0
DA:17,0
DA:18,0
DA:19,0
DA:20,0
DA:21,0
DA:25,0
DA:26,0
DA:28,0
DA:29,0
DA:30,0
DA:32,0
DA:33,0
DA:34,0
DA:35,0
DA:37,0
DA:38,0
DA:39,0
DA:40,0
DA:41,0
DA:42,0
DA:44,0
DA:45,0
DA:46,0
DA:47,0
DA:48,0
DA:49,0
DA:51,0
DA:55,0
DA:56,0
DA:57,0
DA:59,0
DA:60,0
DA:62,0
DA:63,0
DA:64,0
DA:65,0
DA:66,0
DA:67,0
DA:70,0
DA:71,0
DA:72,0
DA:76,0
DA:89,0
DA:91,0
DA:92,0
DA:94,0
DA:97,0
DA:98,0
DA:99,0
DA:100,0
DA:102,0
DA:103,0
DA:104,0
DA:106,0
DA:109,0
DA:113,0
DA:114,0
DA:125,0
DA:126,0
DA:127,0
DA:129,0
DA:130,0
DA:131,0
DA:132,0
DA:134,0
DA:138,0
DA:139,0
DA:140,0
DA:143,0
DA:144,0
DA:145,0
DA:147,0
DA:148,0
DA:149,0
DA:151,0
DA:152,0
DA:154,0
DA:155,0
DA:156,0
DA:158,0
DA:159,0
DA:160,0
DA:162,0
DA:173,0
DA:174,0
DA:175,0
DA:178,0
DA:189,0
DA:190,0
DA:191,0
DA:193,0
DA:194,0
DA:195,0
DA:197,0
DA:198,0
DA:202,0
DA:203,0
DA:204,0
DA:205,0
DA:206,0
DA:209,0
LF:109
LH:0
BRDA:3,0,0,0
BRDA:8,1,0,0
BRDA:8,1,1,0
BRDA:17,2,0,0
BRDA:17,2,1,0
BRDA:18,3,0,0
BRDA:18,3,1,0
BRDA:19,4,0,0
BRDA:19,4,1,0
BRDA:20,5,0,0
BRDA:20,5,1,0
BRDA:20,6,0,0
BRDA:20,6,1,0
BRDA:21,7,0,0
BRDA:21,7,1,0
BRDA:25,8,0,0
BRDA:25,8,1,0
BRDA:28,9,0,0
BRDA:28,9,1,0
BRDA:30,10,0,0
BRDA:30,10,1,0
BRDA:32,11,0,0
BRDA:32,11,1,0
BRDA:35,12,0,0
BRDA:35,12,1,0
BRDA:38,13,0,0
BRDA:38,13,1,0
BRDA:42,14,0,0
BRDA:42,14,1,0
BRDA:42,15,0,0
BRDA:42,15,1,0
BRDA:45,16,0,0
BRDA:45,16,1,0
BRDA:49,17,0,0
BRDA:49,17,1,0
BRDA:55,18,0,0
BRDA:55,18,1,0
BRDA:57,19,0,0
BRDA:57,19,1,0
BRDA:59,20,0,0
BRDA:59,20,1,0
BRDA:62,21,0,0
BRDA:62,21,1,0
BRDA:64,22,0,0
BRDA:64,22,1,0
BRDA:66,23,0,0
BRDA:66,23,1,0
BRDA:66,24,0,0
BRDA:66,24,1,0
BRDA:71,25,0,0
BRDA:71,25,1,0
BRDA:72,26,0,0
BRDA:72,26,1,0
BRDA:99,27,0,0
BRDA:99,27,1,0
BRDA:100,28,0,0
BRDA:100,28,1,0
BRDA:104,29,0,0
BRDA:104,29,1,0
BRDA:113,30,0,0
BRDA:113,30,1,0
BRDA:127,31,0,0
BRDA:127,31,1,0
BRDA:139,32,0,0
BRDA:139,32,1,0
BRDA:139,33,0,0
BRDA:139,33,1,0
BRDA:139,33,2,0
BRDA:145,34,0,0
BRDA:145,34,1,0
BRDA:156,35,0,0
BRDA:156,35,1,0
BRDA:156,36,0,0
BRDA:156,36,1,0
BRDA:158,37,0,0
BRDA:158,37,1,0
BRDA:159,38,0,0
BRDA:159,38,1,0
BRDA:160,39,0,0
BRDA:160,39,1,0
BRDA:167,40,0,0
BRDA:167,40,1,0
BRDA:173,41,0,0
BRDA:173,41,1,0
BRDA:174,42,0,0
BRDA:174,42,1,0
BRDA:191,43,0,0
BRDA:191,43,1,0
BRDA:197,44,0,0
BRDA:197,44,1,0
BRDA:197,45,0,0
BRDA:197,45,1,0
BRDA:197,45,2,0
BRF:93
BRH:0
end_of_record
TN:
SF:src\shared\lib\ofxParser.ts
FN:3,readFileAsText
FN:4,(anonymous_1)
FN:6,(anonymous_2)
FN:7,(anonymous_3)
FN:12,extractTag
FN:17,parseOFXDate
FN:30,parseOFX
FNF:7
FNH:0
FNDA:0,readFileAsText
FNDA:0,(anonymous_1)
FNDA:0,(anonymous_2)
FNDA:0,(anonymous_3)
FNDA:0,extractTag
FNDA:0,parseOFXDate
FNDA:0,parseOFX
DA:4,0
DA:5,0
DA:6,0
DA:7,0
DA:8,0
DA:13,0
DA:14,0
DA:18,0
DA:19,0
DA:20,0
DA:22,0
DA:23,0
DA:24,0
DA:26,0
DA:27,0
DA:31,0
DA:32,0
DA:34,0
DA:35,0
DA:38,0
DA:39,0
DA:40,0
DA:43,0
DA:44,0
DA:46,0
DA:47,0
DA:48,0
DA:50,0
DA:51,0
DA:53,0
DA:55,0
DA:56,0
DA:58,0
DA:59,0
DA:61,0
DA:73,0
LF:36
LH:0
BRDA:14,0,0,0
BRDA:14,0,1,0
BRDA:18,1,0,0
BRDA:18,1,1,0
BRDA:20,2,0,0
BRDA:20,2,1,0
BRDA:27,3,0,0
BRDA:27,3,1,0
BRDA:31,4,0,0
BRDA:31,4,1,0
BRDA:34,5,0,0
BRDA:34,5,1,0
BRDA:34,6,0,0
BRDA:34,6,1,0
BRDA:47,7,0,0
BRDA:47,7,1,0
BRDA:47,8,0,0
BRDA:47,8,1,0
BRDA:48,9,0,0
BRDA:48,9,1,0
BRDA:51,10,0,0
BRDA:51,10,1,0
BRDA:53,11,0,0
BRDA:53,11,1,0
BRDA:53,12,0,0
BRDA:53,12,1,0
BRDA:53,12,2,0
BRDA:56,13,0,0
BRDA:56,13,1,0
BRDA:58,14,0,0
BRDA:58,14,1,0
BRDA:58,14,2,0
BRDA:59,15,0,0
BRDA:59,15,1,0
BRDA:62,16,0,0
BRDA:62,16,1,0
BRDA:63,17,0,0
BRDA:63,17,1,0
BRF:38
BRH:0
end_of_record
TN:
SF:src\shared\lib\pdfParser.ts
FN:7,(anonymous_0)
FN:37,(anonymous_1)
FN:57,(anonymous_2)
FN:59,(anonymous_3)
FN:60,(anonymous_4)
FN:64,(anonymous_5)
FN:65,(anonymous_6)
FNF:7
FNH:0
FNDA:0,(anonymous_0)
FNDA:0,(anonymous_1)
FNDA:0,(anonymous_2)
FNDA:0,(anonymous_3)
FNDA:0,(anonymous_4)
FNDA:0,(anonymous_5)
FNDA:0,(anonymous_6)
DA:5,0
DA:7,0
DA:8,0
DA:9,0
DA:10,0
DA:13,0
DA:14,0
DA:20,0
DA:21,0
DA:23,0
DA:24,0
DA:25,0
DA:27,0
DA:30,0
DA:31,0
DA:32,0
DA:34,0
DA:35,0
DA:36,0
DA:37,0
DA:39,0
DA:41,0
DA:42,0
DA:43,0
DA:44,0
DA:46,0
DA:48,0
DA:49,0
DA:51,0
DA:52,0
DA:53,0
DA:54,0
DA:55,0
DA:57,0
DA:59,0
DA:60,0
DA:64,0
DA:65,0
DA:66,0
DA:68,0
DA:69,0
DA:70,0
DA:71,0
DA:72,0
DA:73,0
DA:74,0
DA:75,0
DA:77,0
DA:78,0
DA:81,0
DA:83,0
DA:84,0
DA:85,0
DA:87,0
DA:88,0
DA:91,0
DA:93,0
DA:95,0
DA:96,0
DA:97,0
DA:98,0
DA:100,0
DA:112,0
DA:113,0
DA:115,0
DA:116,0
DA:117,0
LF:67
LH:0
BRDA:7,0,0,0
BRDA:9,1,0,0
BRDA:9,1,1,0
BRDA:9,2,0,0
BRDA:9,2,1,0
BRDA:16,3,0,0
BRDA:16,3,1,0
BRDA:24,4,0,0
BRDA:24,4,1,0
BRDA:24,5,0,0
BRDA:24,5,1,0
BRDA:37,6,0,0
BRDA:37,6,1,0
BRDA:39,7,0,0
BRDA:39,7,1,0
BRDA:42,8,0,0
BRDA:42,8,1,0
BRDA:57,9,0,0
BRDA:57,9,1,0
BRDA:57,9,2,0
BRDA:59,10,0,0
BRDA:59,10,1,0
BRDA:60,11,0,0
BRDA:60,11,1,0
BRDA:66,12,0,0
BRDA:66,12,1,0
BRDA:73,13,0,0
BRDA:73,13,1,0
BRDA:73,14,0,0
BRDA:73,14,1,0
BRDA:77,15,0,0
BRDA:77,15,1,0
BRDA:85,16,0,0
BRDA:85,16,1,0
BRDA:91,17,0,0
BRDA:91,17,1,0
BRDA:91,17,2,0
BRDA:93,18,0,0
BRDA:93,18,1,0
BRDA:93,19,0,0
BRDA:93,19,1,0
BRDA:96,20,0,0
BRDA:96,20,1,0
BRDA:97,21,0,0
BRDA:97,21,1,0
BRDA:97,22,0,0
BRDA:97,22,1,0
BRDA:97,22,2,0
BRDA:97,23,0,0
BRDA:97,23,1,0
BRDA:98,24,0,0
BRDA:98,24,1,0
BRDA:98,24,2,0
BRDA:105,25,0,0
BRDA:105,25,1,0
BRDA:105,26,0,0
BRDA:105,26,1,0
BRDA:105,27,0,0
BRDA:105,27,1,0
BRDA:106,28,0,0
BRDA:106,28,1,0
BRDA:112,29,0,0
BRDA:112,29,1,0
BRDA:116,30,0,0
BRDA:116,30,1,0
BRF:65
BRH:0
end_of_record
TN:
SF:src\shared\lib\piiMasker.ts
FN:15,maskPII
FN:32,maskTransaction
FN:37,maskTransactions
FN:41,buildSafePromptRows
FN:42,(anonymous_4)
FNF:5
FNH:0
FNDA:0,maskPII
FNDA:0,maskTransaction
FNDA:0,maskTransactions
FNDA:0,buildSafePromptRows
FNDA:0,(anonymous_4)
DA:3,0
DA:4,0
DA:5,0
DA:6,0
DA:7,0
DA:8,0
DA:9,0
DA:10,0
DA:11,0
DA:12,0
DA:13,0
DA:16,0
DA:17,0
DA:18,0
DA:33,0
DA:34,0
DA:38,0
DA:42,0
LF:18
LH:0
BRDA:16,0,0,0
BRDA:16,0,1,0
BRDA:17,1,0,0
BRDA:17,1,1,0
BRDA:17,2,0,0
BRDA:17,2,1,0
BRDA:17,3,0,0
BRDA:17,3,1,0
BRDA:33,4,0,0
BRDA:33,4,1,0
BRDA:37,5,0,0
BRDA:41,6,0,0
BRDA:44,7,0,0
BRDA:44,7,1,0
BRDA:45,8,0,0
BRDA:45,8,1,0
BRDA:46,9,0,0
BRDA:46,9,1,0
BRDA:47,10,0,0
BRDA:47,10,1,0
BRF:20
BRH:0
end_of_record
TN:
SF:src\shared\lib\useParserWorker.ts
FN:31,useParserWorker
FN:35,(anonymous_1)
FN:38,(anonymous_2)
FN:57,(anonymous_3)
FN:59,(anonymous_4)
FN:66,(anonymous_5)
FN:69,(anonymous_6)
FN:70,(anonymous_7)
FN:96,(anonymous_8)
FN:100,(anonymous_9)
FNF:10
FNH:0
FNDA:0,useParserWorker
FNDA:0,(anonymous_1)
FNDA:0,(anonymous_2)
FNDA:0,(anonymous_3)
FNDA:0,(anonymous_4)
FNDA:0,(anonymous_5)
FNDA:0,(anonymous_6)
FNDA:0,(anonymous_7)
FNDA:0,(anonymous_8)
FNDA:0,(anonymous_9)
DA:32,0
DA:33,0
DA:35,0
DA:36,0
DA:38,0
DA:39,0
DA:40,0
DA:41,0
DA:42,0
DA:44,0
DA:45,0
DA:47,0
DA:48,0
DA:49,0
DA:50,0
DA:51,0
DA:52,0
DA:53,0
DA:57,0
DA:58,0
DA:59,0
DA:60,0
DA:62,0
DA:65,0
DA:66,0
DA:69,0
DA:70,0
DA:71,0
DA:72,0
DA:73,0
DA:76,0
DA:77,0
DA:80,0
DA:81,0
DA:83,0
DA:84,0
DA:85,0
DA:88,0
DA:89,0
DA:96,0
DA:97,0
DA:100,0
DA:101,0
DA:102,0
DA:103,0
DA:106,0
LF:46
LH:0
BRDA:41,0,0,0
BRDA:41,0,1,0
BRDA:44,1,0,0
BRDA:44,1,1,0
BRDA:44,2,0,0
BRDA:44,2,1,0
BRDA:47,3,0,0
BRDA:47,3,1,0
BRDA:48,4,0,0
BRDA:48,4,1,0
BRDA:49,5,0,0
BRDA:49,5,1,0
BRDA:50,6,0,0
BRDA:50,6,1,0
BRDA:51,7,0,0
BRDA:51,7,1,0
BRDA:52,8,0,0
BRDA:52,8,1,0
BRDA:69,9,0,0
BRDA:71,10,0,0
BRDA:71,10,1,0
BRDA:76,11,0,0
BRDA:76,11,1,0
BRF:23
BRH:0
end_of_record
TN:
SF:src\shared\lib\workers\parserWorker.ts
FN:43,detectSeparator
FN:51,validateDate
FN:63,parseAmount
FN:96,normalizeHeader
FN:100,autoDetectColumns
FN:105,(anonymous_5)
FN:106,(anonymous_6)
FN:107,(anonymous_7)
FN:113,splitLine
FN:115,(anonymous_9)
FN:118,parseCSVBuffer
FN:120,(anonymous_11)
FN:128,(anonymous_12)
FN:150,extractTag
FN:155,parseOFXDate
FN:163,parseOFXBuffer
FN:190,parsePDFBuffer
FN:204,(anonymous_17)
FN:218,(anonymous_18)
FN:220,(anonymous_19)
FN:221,(anonymous_20)
FN:223,(anonymous_21)
FN:224,(anonymous_22)
FN:252,(anonymous_23)
FNF:24
FNH:0
FNDA:0,detectSeparator
FNDA:0,validateDate
FNDA:0,parseAmount
FNDA:0,normalizeHeader
FNDA:0,autoDetectColumns
FNDA:0,(anonymous_5)
FNDA:0,(anonymous_6)
FNDA:0,(anonymous_7)
FNDA:0,splitLine
FNDA:0,(anonymous_9)
FNDA:0,parseCSVBuffer
FNDA:0,(anonymous_11)
FNDA:0,(anonymous_12)
FNDA:0,extractTag
FNDA:0,parseOFXDate
FNDA:0,parseOFXBuffer
FNDA:0,parsePDFBuffer
FNDA:0,(anonymous_17)
FNDA:0,(anonymous_18)
FNDA:0,(anonymous_19)
FNDA:0,(anonymous_20)
FNDA:0,(anonymous_21)
FNDA:0,(anonymous_22)
FNDA:0,(anonymous_23)
DA:6,0
DA:44,0
DA:45,0
DA:46,0
DA:47,0
DA:48,0
DA:52,0
DA:53,0
DA:54,0
DA:55,0
DA:56,0
DA:57,0
DA:58,0
DA:59,0
DA:60,0
DA:67,0
DA:68,0
DA:70,0
DA:71,0
DA:73,0
DA:74,0
DA:75,0
DA:78,0
DA:80,0
DA:81,0
DA:82,0
DA:86,0
DA:87,0
DA:88,0
DA:89,0
DA:90,0
DA:91,0
DA:92,0
DA:93,0
DA:97,0
DA:101,0
DA:102,0
DA:103,0
DA:104,0
DA:105,0
DA:106,0
DA:107,0
DA:108,0
DA:110,0
DA:114,0
DA:115,0
DA:119,0
DA:120,0
DA:121,0
DA:123,0
DA:124,0
DA:125,0
DA:127,0
DA:128,0
DA:129,0
DA:130,0
DA:131,0
DA:132,0
DA:135,0
DA:136,0
DA:137,0
DA:138,0
DA:139,0
DA:140,0
DA:141,0
DA:142,0
DA:144,0
DA:145,0
DA:151,0
DA:152,0
DA:156,0
DA:157,0
DA:158,0
DA:159,0
DA:160,0
DA:165,0
DA:166,0
DA:168,0
DA:169,0
DA:170,0
DA:173,0
DA:174,0
DA:175,0
DA:176,0
DA:177,0
DA:178,0
DA:179,0
DA:180,0
DA:181,0
DA:182,0
DA:183,0
DA:185,0
DA:191,0
DA:193,0
DA:195,0
DA:196,0
DA:197,0
DA:200,0
DA:201,0
DA:202,0
DA:203,0
DA:204,0
DA:205,0
DA:206,0
DA:207,0
DA:210,0
DA:211,0
DA:213,0
DA:214,0
DA:215,0
DA:216,0
DA:217,0
DA:218,0
DA:220,0
DA:221,0
DA:223,0
DA:224,0
DA:225,0
DA:226,0
DA:227,0
DA:228,0
DA:231,0
DA:232,0
DA:233,0
DA:234,0
DA:235,0
DA:236,0
DA:237,0
DA:238,0
DA:239,0
DA:240,0
DA:241,0
DA:242,0
DA:243,0
DA:246,0
DA:247,0
DA:252,0
DA:253,0
DA:255,0
DA:258,0
DA:259,0
DA:260,0
DA:261,0
DA:262,0
DA:263,0
DA:265,0
DA:268,0
DA:270,0
DA:271,0
DA:272,0
DA:273,0
DA:274,0
DA:275,0
DA:276,0
DA:277,0
LF:155
LH:0
BRDA:44,0,0,0
BRDA:44,0,1,0
BRDA:45,1,0,0
BRDA:45,1,1,0
BRDA:46,2,0,0
BRDA:46,2,1,0
BRDA:47,3,0,0
BRDA:47,3,1,0
BRDA:47,4,0,0
BRDA:47,4,1,0
BRDA:48,5,0,0
BRDA:48,5,1,0
BRDA:52,6,0,0
BRDA:52,6,1,0
BRDA:54,7,0,0
BRDA:54,7,1,0
BRDA:54,8,0,0
BRDA:54,8,1,0
BRDA:55,9,0,0
BRDA:55,9,1,0
BRDA:55,10,0,0
BRDA:55,10,1,0
BRDA:57,11,0,0
BRDA:57,11,1,0
BRDA:57,12,0,0
BRDA:57,12,1,0
BRDA:57,13,0,0
BRDA:57,13,1,0
BRDA:59,14,0,0
BRDA:59,14,1,0
BRDA:59,15,0,0
BRDA:59,15,1,0
BRDA:65,16,0,0
BRDA:67,17,0,0
BRDA:67,17,1,0
BRDA:67,18,0,0
BRDA:67,18,1,0
BRDA:68,19,0,0
BRDA:68,19,1,0
BRDA:68,20,0,0
BRDA:68,20,1,0
BRDA:71,21,0,0
BRDA:71,21,1,0
BRDA:73,22,0,0
BRDA:73,22,1,0
BRDA:75,23,0,0
BRDA:75,23,1,0
BRDA:78,24,0,0
BRDA:78,24,1,0
BRDA:82,25,0,0
BRDA:82,25,1,0
BRDA:86,26,0,0
BRDA:86,26,1,0
BRDA:88,27,0,0
BRDA:88,27,1,0
BRDA:88,28,0,0
BRDA:88,28,1,0
BRDA:89,29,0,0
BRDA:89,29,1,0
BRDA:90,30,0,0
BRDA:90,30,1,0
BRDA:92,31,0,0
BRDA:92,31,1,0
BRDA:93,32,0,0
BRDA:93,32,1,0
BRDA:106,33,0,0
BRDA:106,33,1,0
BRDA:106,34,0,0
BRDA:106,34,1,0
BRDA:107,35,0,0
BRDA:107,35,1,0
BRDA:114,36,0,0
BRDA:114,36,1,0
BRDA:118,37,0,0
BRDA:121,38,0,0
BRDA:121,38,1,0
BRDA:125,39,0,0
BRDA:125,39,1,0
BRDA:127,40,0,0
BRDA:127,40,1,0
BRDA:127,41,0,0
BRDA:127,41,1,0
BRDA:127,41,2,0
BRDA:140,42,0,0
BRDA:140,42,1,0
BRDA:140,43,0,0
BRDA:140,43,1,0
BRDA:141,44,0,0
BRDA:141,44,1,0
BRDA:141,45,0,0
BRDA:141,45,1,0
BRDA:141,45,2,0
BRDA:142,46,0,0
BRDA:142,46,1,0
BRDA:144,47,0,0
BRDA:144,47,1,0
BRDA:152,48,0,0
BRDA:152,48,1,0
BRDA:156,49,0,0
BRDA:156,49,1,0
BRDA:158,50,0,0
BRDA:158,50,1,0
BRDA:160,51,0,0
BRDA:160,51,1,0
BRDA:166,52,0,0
BRDA:166,52,1,0
BRDA:166,53,0,0
BRDA:166,53,1,0
BRDA:176,54,0,0
BRDA:176,54,1,0
BRDA:176,55,0,0
BRDA:176,55,1,0
BRDA:177,56,0,0
BRDA:177,56,1,0
BRDA:179,57,0,0
BRDA:179,57,1,0
BRDA:180,58,0,0
BRDA:180,58,1,0
BRDA:180,59,0,0
BRDA:180,59,1,0
BRDA:181,60,0,0
BRDA:181,60,1,0
BRDA:182,61,0,0
BRDA:182,61,1,0
BRDA:182,61,2,0
BRDA:183,62,0,0
BRDA:183,62,1,0
BRDA:183,63,0,0
BRDA:183,63,1,0
BRDA:183,64,0,0
BRDA:183,64,1,0
BRDA:190,65,0,0
BRDA:191,66,0,0
BRDA:191,66,1,0
BRDA:196,67,0,0
BRDA:196,67,1,0
BRDA:196,68,0,0
BRDA:196,68,1,0
BRDA:204,69,0,0
BRDA:204,69,1,0
BRDA:205,70,0,0
BRDA:205,70,1,0
BRDA:207,71,0,0
BRDA:207,71,1,0
BRDA:218,72,0,0
BRDA:218,72,1,0
BRDA:224,73,0,0
BRDA:224,73,1,0
BRDA:226,74,0,0
BRDA:226,74,1,0
BRDA:226,75,0,0
BRDA:226,75,1,0
BRDA:227,76,0,0
BRDA:227,76,1,0
BRDA:233,77,0,0
BRDA:233,77,1,0
BRDA:236,78,0,0
BRDA:236,78,1,0
BRDA:237,79,0,0
BRDA:237,79,1,0
BRDA:237,79,2,0
BRDA:238,80,0,0
BRDA:238,80,1,0
BRDA:238,81,0,0
BRDA:238,81,1,0
BRDA:240,82,0,0
BRDA:240,82,1,0
BRDA:241,83,0,0
BRDA:241,83,1,0
BRDA:241,84,0,0
BRDA:241,84,1,0
BRDA:241,84,2,0
BRDA:242,85,0,0
BRDA:242,85,1,0
BRDA:242,86,0,0
BRDA:242,86,1,0
BRDA:242,86,2,0
BRDA:243,87,0,0
BRDA:243,87,1,0
BRDA:243,88,0,0
BRDA:243,88,1,0
BRDA:243,89,0,0
BRDA:243,89,1,0
BRDA:243,90,0,0
BRDA:243,90,1,0
BRDA:246,91,0,0
BRDA:246,91,1,0
BRDA:258,92,0,0
BRDA:258,92,1,0
BRDA:259,93,0,0
BRDA:259,93,1,0
BRDA:260,94,0,0
BRDA:260,94,1,0
BRDA:262,95,0,0
BRDA:262,95,1,0
BRDA:272,96,0,0
BRDA:272,96,1,0
BRDA:273,97,0,0
BRDA:273,97,1,0
BRDA:274,98,0,0
BRDA:274,98,1,0
BRDA:275,99,0,0
BRDA:275,99,1,0
BRDA:276,100,0,0
BRDA:276,100,1,0
BRF:205
BRH:0
end_of_record
TN:
SF:src\shared\schemas\financialSchemas.ts
FN:19,(anonymous_0)
FN:44,validateTransaction
FN:48,(anonymous_2)
FN:56,(anonymous_3)
FN:75,validateCreditCard
FNF:5
FNH:5
FNDA:30,(anonymous_0)
FNDA:15,validateTransaction
FNDA:28,(anonymous_2)
FNDA:12,(anonymous_3)
FNDA:6,validateCreditCard
DA:4,2
DA:12,2
DA:20,30
DA:21,30
DA:22,30
DA:23,30
DA:24,30
DA:25,30
DA:26,30
DA:34,2
DA:45,15
DA:48,2
DA:49,28
DA:50,25
DA:56,2
DA:57,12
DA:58,10
DA:64,2
DA:76,6
LF:19
LH:19
BRDA:26,0,0,30
BRDA:26,0,1,28
BRDA:49,1,0,3
BRDA:49,1,1,25
BRDA:49,2,0,28
BRDA:49,2,1,27
BRDA:49,2,2,26
BRDA:57,3,0,2
BRDA:57,3,1,10
BRDA:57,4,0,12
BRDA:57,4,1,11
BRF:11
BRH:11
end_of_record
TN:
SF:src\shared\types\money.ts
FN:5,toCentavosTyped
FNF:1
FNH:1
FNDA:14,toCentavosTyped
DA:6,14
LF:1
LH:1
BRF:0
BRH:0
end_of_record
TN:
SF:src\shared\types\transaction.ts
FNF:0
FNH:0
LF:0
LH:0
BRF:0
BRH:0
end_of_record
TN:
SF:src\utils\ForecastChart.ts
FN:18,calculateForecast
FN:28,(anonymous_1)
FN:31,(anonymous_2)
FNF:3
FNH:0
FNDA:0,calculateForecast
FNDA:0,(anonymous_1)
FNDA:0,(anonymous_2)
DA:23,0
DA:24,0
DA:25,0
DA:26,0
DA:28,0
DA:30,0
DA:31,0
DA:32,0
DA:33,0
DA:34,0
DA:35,0
DA:39,0
DA:40,0
DA:42,0
DA:43,0
DA:44,0
DA:45,0
DA:46,0
DA:48,0
DA:52,0
DA:53,0
DA:55,0
DA:56,0
DA:57,0
DA:58,0
DA:59,0
DA:60,0
DA:61,0
DA:62,0
DA:66,0
LF:30
LH:0
BRDA:24,0,0,0
BRDA:24,0,1,0
BRDA:26,1,0,0
BRDA:26,1,1,0
BRDA:32,2,0,0
BRDA:32,2,1,0
BRDA:32,2,2,0
BRDA:34,3,0,0
BRDA:34,3,1,0
BRDA:34,4,0,0
BRDA:34,4,1,0
BRDA:35,5,0,0
BRDA:35,5,1,0
BRDA:35,6,0,0
BRDA:35,6,1,0
BRDA:44,7,0,0
BRDA:44,7,1,0
BRDA:45,8,0,0
BRDA:45,8,1,0
BRDA:52,9,0,0
BRDA:52,9,1,0
BRDA:56,10,0,0
BRDA:56,10,1,0
BRDA:56,11,0,0
BRDA:56,11,1,0
BRDA:58,12,0,0
BRDA:58,12,1,0
BRDA:62,13,0,0
BRDA:62,13,1,0
BRF:29
BRH:0
end_of_record
TN:
SF:src\utils\aiCategorize.ts
FN:9,(anonymous_0)
FN:17,topCategory
FN:31,categorizeTransaction
FN:89,batchCategorizeDescriptions
FN:92,(anonymous_4)
FN:96,(anonymous_5)
FN:101,(anonymous_6)
FN:115,applyAICategories
FN:119,(anonymous_8)
FNF:9
FNH:0
FNDA:0,(anonymous_0)
FNDA:0,topCategory
FNDA:0,categorizeTransaction
FNDA:0,batchCategorizeDescriptions
FNDA:0,(anonymous_4)
FNDA:0,(anonymous_5)
FNDA:0,(anonymous_6)
FNDA:0,applyAICategories
FNDA:0,(anonymous_8)
DA:9,0
DA:10,0
DA:18,0
DA:19,0
DA:20,0
DA:21,0
DA:23,0
DA:36,0
DA:37,0
DA:38,0
DA:41,0
DA:42,0
DA:43,0
DA:44,0
DA:45,0
DA:52,0
DA:53,0
DA:54,0
DA:55,0
DA:56,0
DA:57,0
DA:58,0
DA:59,0
DA:63,0
DA:64,0
DA:67,0
DA:68,0
DA:69,0
DA:74,0
DA:75,0
DA:76,0
DA:80,0
DA:92,0
DA:93,0
DA:96,0
DA:98,0
DA:99,0
DA:100,0
DA:101,0
DA:102,0
DA:104,0
DA:106,0
DA:107,0
DA:119,0
DA:120,0
DA:121,0
LF:46
LH:0
BRDA:21,0,0,0
BRDA:21,0,1,0
BRDA:34,1,0,0
BRDA:36,2,0,0
BRDA:36,2,1,0
BRDA:38,3,0,0
BRDA:38,3,1,0
BRDA:41,4,0,0
BRDA:41,4,1,0
BRDA:44,5,0,0
BRDA:44,5,1,0
BRDA:54,6,0,0
BRDA:54,6,1,0
BRDA:54,7,0,0
BRDA:54,7,1,0
BRDA:56,8,0,0
BRDA:56,8,1,0
BRDA:58,9,0,0
BRDA:58,9,1,0
BRDA:59,10,0,0
BRDA:59,10,1,0
BRDA:64,11,0,0
BRDA:64,11,1,0
BRDA:68,12,0,0
BRDA:68,12,1,0
BRDA:68,13,0,0
BRDA:68,13,1,0
BRDA:76,14,0,0
BRDA:76,14,1,0
BRDA:93,15,0,0
BRDA:93,15,1,0
BRDA:102,16,0,0
BRDA:102,16,1,0
BRDA:121,17,0,0
BRDA:121,17,1,0
BRF:35
BRH:0
end_of_record
TN:
SF:src\utils\autoCategory.ts
FN:9,autoCategorize
FN:16,(anonymous_1)
FN:23,(anonymous_2)
FNF:3
FNH:3
FNDA:15,autoCategorize
FNDA:3,(anonymous_1)
FNDA:197,(anonymous_2)
DA:10,15
DA:12,13
DA:14,13
DA:15,4
DA:16,4
DA:17,2
DA:22,11
DA:23,197
DA:24,10
DA:28,1
LF:10
LH:10
BRDA:9,0,0,15
BRDA:10,1,0,2
BRDA:10,1,1,13
BRDA:14,2,0,4
BRDA:14,2,1,9
BRDA:16,3,0,2
BRDA:16,3,1,2
BRDA:23,4,0,10
BRDA:23,4,1,21
BRF:9
BRH:9
end_of_record
TN:
SF:src\utils\dashboardUtils.ts
FN:15,(anonymous_0)
FNF:1
FNH:0
FNDA:0,(anonymous_0)
DA:1,0
DA:15,0
DA:23,0
DA:24,0
DA:25,0
DA:26,0
DA:28,0
DA:29,0
DA:30,0
DA:31,0
DA:32,0
DA:33,0
DA:35,0
DA:36,0
DA:38,0
DA:39,0
DA:40,0
DA:41,0
DA:42,0
DA:43,0
DA:44,0
DA:45,0
DA:46,0
DA:49,0
LF:24
LH:0
BRDA:23,0,0,0
BRDA:23,0,1,0
BRDA:24,1,0,0
BRDA:24,1,1,0
BRDA:25,2,0,0
BRDA:25,2,1,0
BRDA:26,3,0,0
BRDA:26,3,1,0
BRDA:29,4,0,0
BRDA:29,4,1,0
BRDA:29,5,0,0
BRDA:29,5,1,0
BRDA:29,6,0,0
BRDA:29,6,1,0
BRDA:30,7,0,0
BRDA:30,7,1,0
BRDA:30,8,0,0
BRDA:30,8,1,0
BRDA:30,9,0,0
BRDA:30,9,1,0
BRDA:31,10,0,0
BRDA:31,10,1,0
BRDA:31,11,0,0
BRDA:31,11,1,0
BRDA:31,12,0,0
BRDA:31,12,1,0
BRDA:32,13,0,0
BRDA:32,13,1,0
BRDA:32,14,0,0
BRDA:32,14,1,0
BRDA:32,15,0,0
BRDA:32,15,1,0
BRDA:38,16,0,0
BRDA:38,16,1,0
BRDA:38,17,0,0
BRDA:38,17,1,0
BRDA:38,17,2,0
BRDA:41,18,0,0
BRDA:41,18,1,0
BRDA:41,19,0,0
BRDA:41,19,1,0
BRDA:41,19,2,0
BRDA:44,20,0,0
BRDA:44,20,1,0
BRF:44
BRH:0
end_of_record
TN:
SF:src\utils\exportCSV.ts
FN:4,escapeCSV
FN:11,transactionsToCSV
FN:13,(anonymous_2)
FN:24,(anonymous_3)
FN:28,downloadCSV
FNF:5
FNH:0
FNDA:0,escapeCSV
FNDA:0,transactionsToCSV
FNDA:0,(anonymous_2)
FNDA:0,(anonymous_3)
FNDA:0,downloadCSV
DA:5,0
DA:6,0
DA:7,0
DA:12,0
DA:13,0
DA:23,0
DA:24,0
DA:29,0
DA:30,0
DA:31,0
DA:32,0
DA:33,0
DA:34,0
DA:35,0
DA:36,0
DA:37,0
LF:16
LH:0
BRDA:5,0,0,0
BRDA:5,0,1,0
BRDA:6,1,0,0
BRDA:6,1,1,0
BRDA:14,2,0,0
BRDA:14,2,1,0
BRDA:15,3,0,0
BRDA:15,3,1,0
BRDA:17,4,0,0
BRDA:17,4,1,0
BRDA:18,5,0,0
BRDA:18,5,1,0
BRDA:18,6,0,0
BRDA:18,6,1,0
BRDA:19,7,0,0
BRDA:19,7,1,0
BRDA:20,8,0,0
BRDA:20,8,1,0
BRF:18
BRH:0
end_of_record
TN:
SF:src\utils\forecastEngine.ts
FN:24,(anonymous_0)
FN:26,isIncome
FN:31,median
FN:33,(anonymous_3)
FN:39,utcDateStr
FN:50,calculateForecast
FN:65,(anonymous_6)
FN:74,(anonymous_7)
FN:87,(anonymous_8)
FN:89,(anonymous_9)
FN:98,(anonymous_10)
FN:101,(anonymous_11)
FN:105,(anonymous_12)
FN:125,(anonymous_13)
FN:134,(anonymous_14)
FN:144,(anonymous_15)
FN:145,(anonymous_16)
FN:147,(anonymous_17)
FN:148,(anonymous_18)
FN:157,(anonymous_19)
FNF:20
FNH:0
FNDA:0,(anonymous_0)
FNDA:0,isIncome
FNDA:0,median
FNDA:0,(anonymous_3)
FNDA:0,utcDateStr
FNDA:0,calculateForecast
FNDA:0,(anonymous_6)
FNDA:0,(anonymous_7)
FNDA:0,(anonymous_8)
FNDA:0,(anonymous_9)
FNDA:0,(anonymous_10)
FNDA:0,(anonymous_11)
FNDA:0,(anonymous_12)
FNDA:0,(anonymous_13)
FNDA:0,(anonymous_14)
FNDA:0,(anonymous_15)
FNDA:0,(anonymous_16)
FNDA:0,(anonymous_17)
FNDA:0,(anonymous_18)
FNDA:0,(anonymous_19)
DA:24,0
DA:27,0
DA:32,0
DA:33,0
DA:34,0
DA:35,0
DA:40,0
DA:45,0
DA:55,0
DA:62,0
DA:65,0
DA:72,0
DA:74,0
DA:75,0
DA:76,0
DA:77,0
DA:78,0
DA:79,0
DA:80,0
DA:85,0
DA:87,0
DA:88,0
DA:89,0
DA:91,0
DA:92,0
DA:93,0
DA:95,0
DA:98,0
DA:99,0
DA:101,0
DA:102,0
DA:103,0
DA:105,0
DA:107,0
DA:109,0
DA:110,0
DA:118,0
DA:121,0
DA:122,0
DA:123,0
DA:125,0
DA:131,0
DA:132,0
DA:134,0
DA:135,0
DA:136,0
DA:137,0
DA:141,0
DA:142,0
DA:144,0
DA:145,0
DA:147,0
DA:148,0
DA:150,0
DA:154,0
DA:155,0
DA:157,0
DA:158,0
DA:161,0
DA:162,0
DA:164,0
DA:165,0
DA:166,0
DA:168,0
DA:169,0
DA:171,0
DA:176,0
DA:177,0
DA:178,0
DA:180,0
DA:181,0
DA:182,0
DA:183,0
DA:184,0
DA:187,0
DA:191,0
DA:192,0
DA:193,0
DA:194,0
DA:196,0
DA:199,0
LF:81
LH:0
BRDA:32,0,0,0
BRDA:32,0,1,0
BRDA:35,1,0,0
BRDA:35,1,1,0
BRDA:39,2,0,0
BRDA:53,3,0,0
BRDA:62,4,0,0
BRDA:62,4,1,0
BRDA:66,5,0,0
BRDA:66,5,1,0
BRDA:66,6,0,0
BRDA:66,6,1,0
BRDA:75,7,0,0
BRDA:75,7,1,0
BRDA:76,8,0,0
BRDA:76,8,1,0
BRDA:77,9,0,0
BRDA:77,9,1,0
BRDA:79,10,0,0
BRDA:79,10,1,0
BRDA:88,11,0,0
BRDA:88,11,1,0
BRDA:99,12,0,0
BRDA:99,12,1,0
BRDA:103,13,0,0
BRDA:103,13,1,0
BRDA:105,14,0,0
BRDA:105,14,1,0
BRDA:106,15,0,0
BRDA:106,15,1,0
BRDA:107,16,0,0
BRDA:107,16,1,0
BRDA:109,17,0,0
BRDA:109,17,1,0
BRDA:125,18,0,0
BRDA:125,18,1,0
BRDA:125,18,2,0
BRDA:128,19,0,0
BRDA:128,19,1,0
BRDA:135,20,0,0
BRDA:135,20,1,0
BRDA:136,21,0,0
BRDA:136,21,1,0
BRDA:144,22,0,0
BRDA:144,22,1,0
BRDA:145,23,0,0
BRDA:145,23,1,0
BRDA:158,24,0,0
BRDA:158,24,1,0
BRDA:166,25,0,0
BRDA:166,25,1,0
BRDA:168,26,0,0
BRDA:168,26,1,0
BRDA:169,27,0,0
BRDA:169,27,1,0
BRDA:182,28,0,0
BRDA:182,28,1,0
BRDA:191,29,0,0
BRDA:191,29,1,0
BRDA:191,30,0,0
BRDA:191,30,1,0
BRDA:193,31,0,0
BRDA:193,31,1,0
BRF:63
BRH:0
end_of_record
TN:
SF:src\utils\formatters.ts
FN:1,(anonymous_0)
FN:8,(anonymous_1)
FNF:2
FNH:2
FNDA:4,(anonymous_0)
FNDA:5,(anonymous_1)
DA:1,1
DA:2,4
DA:3,2
DA:5,2
DA:8,1
DA:9,5
DA:10,3
LF:7
LH:7
BRDA:2,0,0,2
BRDA:2,0,1,2
BRDA:2,1,0,4
BRDA:2,1,1,3
BRDA:2,1,2,3
BRDA:8,2,0,5
BRDA:9,3,0,2
BRDA:9,3,1,3
BRDA:9,4,0,5
BRDA:9,4,1,4
BRDA:9,4,2,3
BRF:11
BRH:11
end_of_record
TN:
SF:src\utils\hashGenerator.ts
FN:8,generateHash
FN:18,generateTransactionHash
FNF:2
FNH:1
FNDA:0,generateHash
FNDA:18,generateTransactionHash
DA:9,0
DA:10,0
DA:11,0
DA:12,0
DA:13,0
DA:15,0
DA:19,18
DA:21,18
DA:25,18
DA:26,18
DA:27,18
LF:11
LH:5
BRDA:19,0,0,18
BRDA:19,0,1,0
BRDA:21,1,0,18
BRDA:21,1,1,1
BRDA:25,2,0,18
BRDA:25,2,1,1
BRF:6
BRH:5
end_of_record
TN:
SF:src\utils\reportEngine.ts
FN:12,calcPareto
FN:26,(anonymous_1)
FN:30,(anonymous_2)
FN:58,calcPatrimonyEvolution
FN:65,(anonymous_4)
FN:103,asCentavos
FN:113,txValueToCentavos
FNF:7
FNH:7
FNDA:2,calcPareto
FNDA:2,(anonymous_1)
FNDA:3,(anonymous_2)
FNDA:7,calcPatrimonyEvolution
FNDA:9,(anonymous_4)
FNDA:9,asCentavos
FNDA:2,txValueToCentavos
DA:13,2
DA:14,2
DA:16,2
DA:17,3
DA:18,3
DA:19,3
DA:20,3
DA:21,3
DA:24,2
DA:26,2
DA:27,1
DA:28,1
DA:30,1
DA:31,3
DA:32,3
DA:46,1
DA:64,7
DA:65,9
DA:69,7
DA:70,7
DA:72,7
DA:73,42
DA:74,42
DA:75,42
DA:77,42
DA:84,42
DA:85,12
DA:86,12
DA:87,12
DA:88,2
DA:89,2
DA:90,2
DA:94,42
DA:97,7
DA:104,9
DA:105,9
DA:114,2
DA:115,2
DA:116,2
DA:117,0
LF:40
LH:39
BRDA:17,0,0,0
BRDA:17,0,1,3
BRDA:18,1,0,3
BRDA:18,1,1,0
BRDA:19,2,0,3
BRDA:19,2,1,0
BRDA:20,3,0,3
BRDA:20,3,1,3
BRDA:24,4,0,1
BRDA:24,4,1,1
BRDA:75,5,0,7
BRDA:75,5,1,35
BRDA:85,6,0,0
BRDA:85,6,1,12
BRDA:87,7,0,2
BRDA:87,7,1,10
BRDA:87,8,0,12
BRDA:87,8,1,8
BRDA:88,9,0,2
BRDA:88,9,1,0
BRDA:89,10,0,1
BRDA:89,10,1,1
BRDA:90,11,0,1
BRDA:90,11,1,1
BRDA:104,12,0,0
BRDA:104,12,1,9
BRDA:115,13,0,0
BRDA:115,13,1,2
BRDA:116,14,0,2
BRDA:116,14,1,0
BRF:30
BRH:22
end_of_record
TN:
SF:src\utils\transactionUtils.ts
FN:3,(anonymous_0)
FN:6,(anonymous_1)
FN:10,(anonymous_2)
FN:11,(anonymous_3)
FNF:4
FNH:2
FNDA:2,(anonymous_0)
FNDA:5,(anonymous_1)
FNDA:0,(anonymous_2)
FNDA:0,(anonymous_3)
DA:3,1
DA:4,2
DA:6,1
DA:7,5
DA:10,1
DA:11,1
LF:6
LH:6
BRDA:4,0,0,2
BRDA:4,0,1,2
BRDA:7,1,0,5
BRDA:7,1,1,5
BRF:4
BRH:4
end_of_record
